{
    "H": "*H",
    "Ethyl":"*CC",
    "Benzyl":"*CC1=CC=CC=C1",
    "O": "*O",
    "CH2COOH": "*CC(=O)O",
    "COOH": "*C(=O)O",
    "Cl": "*Cl",
    "NH2": "*N",
    "F": "*F",
    "COOMe": "C(=O)OC",
    "-NO2": "*[N+](=O)[O-]",
    "H2C": "*C",
    "Br": "*Br",
    "OMe": "*OC",
    "CONH2": "*C(=O)N",
    "CH3": "*C",
    "CONHMe": "*C(=O)NC",
    "-NH2": "*N",
    "CH2OH": "*CO",
    "Me": "*C",
    "-Me": "*C",
    "OH": "*O",
    "tBu": "*C(C)(C)C",
    "NHSO2NMe2": "*NS(=O)ONCC",
    "CH2CF3": "*CC(F)(F)F",
    "CH2CHF2": "*CC(F)F",
    "CH2CH2F": "*CCF",
    "N": "*N",
    "CH(CH3)COOH": "*C(C)C(=O)O",
    "-CH3": "*C",
    "-F": "*F",
    "Si(CH3)3": "*[Si](C)(C)C",
    "CH3C(=O)": "*CC(=O)",
    "N(Me)2": "*N(C)C",
    "I": "*I",
    "Ph": "*c1ccccc1",
    "OCF3": "*OC(F)(F)F",
    "SF5": "*S(F)(F)(F)(F)F",
    "NHMe": "*NC",
    "N(Et)2": "*(CC)CC",
    "CH2": "*C",
    "NH": "*N",
    "N3": "*N=[N+]=[N-]",
    "NMe": "*NC",
    "CF3": "*C(F)(F)F",
    "SO2Me": "*S(=O)(=O)C",
    "NO2": "*[N+](=O)[O-]",
    "C": "*C",
    "CO2Me": "*C(=O)OC",
    "NMeSO2Me": "*NCS(=O)(=O)C",
    "NMeSO2Ph": "*NCS(=O)(=O)c1ccccc1",
    "Et": "*CC",
    "CN": "*CN",
    "Bpin": "",
    "CH3CO": "*CC(=O)",
    "H2C=CHCH2": "*CC=C",
    "C(O)C4H9": "*C(=O)CCCC",
    "CF3COO-": "*OC(=O)C(F)(F)F",
    "B(OH)2": "*B(O)O",
    "(CH2)8-COOH": "*CCCCCCCCC(=O)O",
    "-NH-phenyl": "*Nc1ccccc1",
    "N-Me": "*NC",
    "O-N=O": "*ON=O",
    "OEtOMe": "*OCCOC",
    "OCH3": "*OC",
    "CHO": "*C=O",
    "CH2CH2CH3": "*CCC",
    "C=O": "*C=O",
    "CCN(C)C": "*CCN(C)C",
    "CCCN(C)C": "*CCCN(C)C",
    "CCN(CC)CC": "*CCN(CC)CC",
    "CCCN(CC)CC": "*CCCN(CC)CC",
    "iPr": "*C(C)C",
    "Pr": "*CCC",
    "TBDMSO": "*[Si](C)(C)C(C)(C)CO",
    "iBu": "*CC(C)(C)",
    "CH2Pr": "*CBr",
    "C(Me)2CH2OH": "*C(C)(C)CO",
    "CO2H": "*C(=O)O",
    "CH=CH-PO3H2": "P(C=C*)(O)(O)=O",
    "SMe": "*SC",
    "OiBu": "*OCC(C)(C)",
    "PO3H2": "P(*)(O)(O)=O",
    "CH2PO3H2": "P(C*)(O)(O)=O",
    "CONH(CH2)2PO3H2": "P(CCNC(=O)*)(O)(O)=O",
    "S(O)Me": "*S(O)C",
    "i-pr": "*C(C)C",
    "CH2CH3": "*CC",
    "n-Pr": "*CCC",
    "i-Bu": "*CC(C)(C)",
    "Bn": "*Cc1ccccc1",
    "-OH": "*O",
    "CF2H": "*C(F)F",
    "-NHMe": "*NC",
    "-NHEt": "*NCC",
    "-N(Me)2": "*N(C)C",
    "-NH(CH2)2OH": "*NCCO",
    "O=S=O-Ph": "*S(=O)(=O)c1ccccc1",
    "MeO2S": "*S(=O)(=O)C",
    "EtO2S": "*S(=O)(=O)CC",
    "MeS": "*SC",
    "S": "*S",
    "CC(=O)OS(=O)(=O)C": "*CC(=O)OS(=O)(=O)C",
    "Ot-Bu": "*OC(C)(C)C",
    "O-C-C": "*OCC",
    "-COOH": "*C(=O)O",
    "O(CF2)2CF3": "*OC(F)(F)C(F)(F)C(F)(F)F",
    "SO2(CH2)2CF3": "*S(=O)(=O)CCC(F)(F)F",
    "Me-*": "*C",
    "HO": "O",
    "H3C": "*C",
    "CH2COOCH3": "*CC(=O)OC",
    "OCHF2": "*OC(F)F",
    "-CH2CH2CH2Cl": "*CCCCl",
    "CONMe2": "*C(=O)N(C)C",
    "CO2Me": "*C(=O)OC",
    "C(OMe)2": "*C(OC)OC",
    "PhCH2": "*Cc1ccccc1",
    "CONHNHBoc": "C(=O)NNC(=O)OC(C)(C)C",
    "-Br": "*Br",
    "NMe2": "*N(C)C",
    "-(CH2)2NH2": "*CCN",
    "-CH=C(CH3)COC2H5": "*C=C(C)C(=O)CC",
    "-CH=C(CH3)COCH2CH2CH3": "*C=C(C)C(=O)CCC",
    "CH2NHCOCH2N(CH3)2": "*CNC(=O)CN(C)C",
     "-CH2CH2OCH3": "*CCOC",
     "HOOCCH2CH2-": "*CCC(=O)O",
     "CC(C)C": "*CC(C)C",
     "MeO": "*CO",
     "SO2": "*S(=O)(=O)",
     "O=C": "*C=O",
     "C(OC)(OC)": "*C(OC)(OC)",
     "OTBDPS": "*O[Si](C1=CC=CC=C1)(C1=CC=CC=C1)(C)C(C)C",
     "CH2CN": "*CC#N",
     "F3C": "*C(F)(F)F",
     "O(CH2)2OCH3": "*OCCOC",
     "i-Pr": "*C(C)C",
     "NHBoc": "*NC(=O)OC(C)(C)C",
     "COO-": "*C(=O)[O-]",
     "OBu": "*OCCCC",
     "OCH2O": "*OCO",
     "CHMe2": "*C(C)C",
     "COOEt": "*C(=O)OCC",
     "(CH2)9CH3": "*CCCCCCCCCC",
     "(CH2)8CH3": "*CCCCCCCCC",
     "C11H23": "*CCCCCCCCCCC",
     "NHOH": "*NO",
     "CBr": "*CBr",
     "CCH3": "*CC",
     "CF3CH2": "*CC(F)(F)F",
     "Ph-": "*c1ccccc1",
     "CH2CH(CH3)2": "*CC(C)C",
     "C(O)CH3": "*C(O)C",
     "PhCH2CH2": "*CCc1ccccc1",
     "PhCH2CH2CH2": "*CCCc1ccccc1",
     "PhOCH2CH2": "*CCOc1ccccc1",
     "PhCH=CHCH2": "*CC=Cc1ccccc1",
     "PhCH2CH2CO": "*C(=O)CCc1ccccc1",
     "PhCH2OCO": "*C(=O)OCc1ccccc1",
     "PhCH2NHCO": "*C(=O)NCc1ccccc1",
     "CH3CH2CH2CH2CH2": "*CCCCC",
     "CH3OCO": "*C(=O)OC",
     "CH3SO2": "*S(=O)(=O)C",
     "N+": "*N",
     "CH2F": "*CF",
     "CHF2": "*C(F)F",
     "CH2NMe2": "*CN(C)C",
      "-SO2Me": "*S(=O)(=O)C",
      "CCC": "*CCC",
      "CH(CH3)2": "*C(C)C",
      "CH3CO*": "*C(=O)C",
      "OCCH3": "*C(=O)C",
      "-N=N-O-C": "*N=NOC",
      "COOCH3": "*C(=O)OC",
      "SO2NHCOCH3": "*S(=O)(=O)NC(=O)C",
      "OEt": "*OCC",
      "CH2OCH3": "*COC",
      "C(CH3)2OH": "*C(C)(C)O",
      "NHiPr": "*NC(C)C",
      "CH2OMe": "*COC",
      "C(O)NH2": "*C(=O)N",
      "N=N-CH3": "*N=NC",
      "N=N-CH2CH3": "*N=NCC",
      "CONHPr": "C(=O)NCCC",
      "CH2Pr": "*CBr",
      "C(Me)2CH2OH": "*C(C)CO",
      "-CH2C6H5": "*Cc1ccccc1",
      "MeO2S": "*S(=O)(=O)C",
      "EtO2S": "*S(=O)(=O)CC",
      "-N=C=O": "*N=C=O",
      "NNNNCCCCCC": "*NNNNCCCCCC",
      "CCCCCCCC": "*CCCCCCCC",
      "O(CH2)2CF3": "*OCCC(F)(F)F",
      "O(CH2)3SCH3": "*OCCCSC",
      "(CH2)21CH3": "*CCCCCCCCCCCCCCCCCCCCCC",
      "(CH2)24CH3": "*CCCCCCCCCCCCCCCCCCCCCCCCC",
      "CF3": "*C(F)(F)(F)",
      "OCH3": "*OC",
      "-CH2CH3": "*CC",
      "-CH2COSCH3": "*CC(=O)SC",
      "-CH2CHCHCOOCH3": "*CC=CC(=O)OC",
      "=CH": "*=C",
      "=N": "*=N",
      "-SH": "*S",
      "CH2CF3": "*CC(F)(F)F",
      "CH2CCH": "*CC#C",
      "CH2CH2CF3": "*CCC(F)(F)F",
      "FCH2CH2-": "*CCF",
      "(CH3)2CHCH2-": "*CC(C)C",
      "PhCH2-": "*Cc1ccccc1",
      "CH3CH2CH2CH2-": "*CCCC",
      "-CH2CH2NH2": "*CCN",
      "(CH2)11CH3": "*CCCCCCCCCCCC",
      "(CH2)13CH3": "*CCCCCCCCCCCCCC",
      "-O-CH2-O-CH3": "*OCOC",
      "(CH2)15CH3": "*CCCCCCCCCCCCCCCC",
      "(CH2)17CH3": "*CCCCCCCCCCCCCCCCCC",
      "(CH2)19CH3": "*CCCCCCCCCCCCCCCCCCC",
      "TBDMS-O": "*[Si](C)(C)C(C)(C)CO",
      "PhCH2CH2CO": "*C(=O)CCc1ccccc1",
      "PhCH2OCO": "*OC(=O)Cc1ccccc1",
      "N-Boc": "*NC(=O)OC(C)(C)C",
      "-CH(CH3)2": "*C(C)(C)",
      "NH2.2HCl": "*N",
      "-CF3": "*C(F)(F)F",
      "-CHF2": "*C(F)F",
      "COCH3": "*C(=O)C",
      "O-N": "*ON",
      "CH2CHO": "*C(=O)C",
      "-CH(CH3)C2N2": "*C(C)(C#N)C#N",
      "CH2NH2": "*CN",
      "TBDPSO": "*[Si](C1=CC=CC=C1)(C1=CC=CC=C1)(C)C(C)(C)O",
      "CH2CH2F": "*CCF",
      "O2N": "*[N+](=O)[O-]",
      "PO(OMe)2": "*P(O)(OC)OC",
      "Cl-C": "*CCl",
      "COOCH3": "*C(=O)OC",
      "(CH2)2OH": "*CCO",
      "-CH2-CH2-CH3": "*CCC",
      "-CH2Ph": "*Cc1ccccc1",
      "-CH2CH2Ph": "*CCc1ccccc1",
      "-CH2CH2CH2Ph": "*CCCc1ccccc1",
      "-CH2CH2CH(OCH3)Ph": "*CCC(OC)c1ccccc1",
      "OC(C)C-phenyl": "*OC(C)Cc1ccccc1",
      "O-Ph": "*Oc1ccccc1",
      "S-Ph": "*Sc1ccccc1",
      "-SO2NH2": "*S(=O)(=O)N",
      "O=S=O": "*S(=O)=O",
      "-CHO": "*C=O",
      "O=CO": "*C(=O)O",
      "CNCCN": "*CNCCN",
      "HO-CH2-": "*CO",
      "HO-CH(CH3)-": "*C(C)O",
      "HO-C(CH3)2-": "*C(C)(C)O",
      "CH3O-CH2-": "*COC",
      "CH3O-CH2-CH2-": "*CCOC",
      "CH3O-CH2-CH2-CH2-": "*CCCOC",
      "(CH3)2CHO-CH2-": "*COC(C)C",
      "FCH2-CH2O-CH2-": "*COCCF",
      "F2CH-CH2O-CH2-": "*COCC(F)F",
      "F2CH-S-CH2-": "*CSC(F)F",
      "-CH2COOCH3": "*CC(=O)OC",
      "-OMe": "*OC",
      "-CH2SAC": "*CSC(=O)C",
      "-CH2SH": "*CS",
      "CC": "*CC",
      "CCCC": "*CCCC",
      "C1CC1": "*C1CC1",
      "C1CCCCC1": "*C1CCCCC1",
      "CC1(C)CC1": "*CC1(C)CC1",
      "CC1CCC1(C)": "*CC1CCC1(C)",
      "CC#CC": "*CC#CC",
      "CC(C)(C)C": "*CC(C)(C)C",
      "-CH2CH2CH3": "*CCC",
      "-NHCH2CH3": "*NCC",
      "-(CH2)2NH2": "*CCN",
      "CH2CH=CH2": "*CC=C",
      "C(CH3)2CH=CH2": "*C(C)(C)C=C",
      "CH2C6H5": "*Cc1ccccc1",
      "O=C(O)CCCCCC": "O=C(O)CCCCCC*",
      "NC(=O)CCCCCC": "*NC(=O)CCCCCC",
      "-CH2OCH3": "*COC",
      "-OCH3": "*OC",
      "HOOC": "*C(=O)O",
      "CH(CH3)CH2CH3": "C(C)CC",
      "B(OH)2": "*B(O)O",
      "CH2CH2COOH": "*CCC(=O)O",
      "CH=N-N": "*C=NN",
      "(CH2)3COOH": "*CCCC(=O)O",
      "(CH2)3CH3": "*CCCC",
      "t-Bu": "*C(C)(C)C",
       "NH2CH2C(CH3)2CH2": "*CC(C)(C)CN",
       "NAc": "*NC(=O)C",
       "NCO2Me": "*NC(=O)OC",
       "-O-P(=O)([O-])[O-]": "*OP(=O)([O-])[O-]",
       "CH2CH2NH2": "*CCN",
       "CH2CH2OCH3": "*CCOC",
       "(CH2)2-NMe2": "*CCN(C)C",
       "(CH2)2-NEt2": "*CCN(CC)CC",
       "O=S(=O)N": "*S(=O)(=O)N",
       "O=S(=O)OH": "*S(=O)(=O)O",
       "SH": "*S",
       "OBn": "*OCc1ccccc1",
       "CC(=O)c1ccccc1F": "*CC(=O)c1ccccc1F",
       "c1ccccc1": "*c1ccccc1",
       "NH-Phenyl": "*Nc1ccccc1",
       "O=C-Ph": "*C(=O)c1ccccc1",
       "-Ph": "*c1ccccc1",
       "O=S-Ph": "*S(=O)c1ccccc1",
       "NHEt": "*NCC",
       "NH(CH2)2OH": "*N(CC)O",
       "-(CH2)3-OH": "*CCCO",
       "-CH2CH2OH": "*CCO",
       "-CH2CONH2": "*CC(=O)N",
       "-CH2OH": "*CO",
       "-CONH2": "*C(=O)N",
       "-CH(Me)CO2H": "*C(C)C(=O)O",
       "-CO2H": "*C(=O)O",
       "-CH2CO2H": "*CC(=O)O",
       "-C(=O)H": "*C(=O)",
       "CH2C(CH3)3": "*CC(C)(C)C",
       "O=CCH3": "*C(=O)C",
       "SO2CF3": "*S(=O)(=O)C(F)(F)F",
       "COCH3": "*C(=O)C",
       "SO2NH2": "*S(=O)(=O)N",
       "C-NH2": "*CN",
       "CF3-S": "*SC(F)(F)F",
       "-SAc": "*SC(=O)C",
       "-CH2NH2": "*CN",
       "OPh": "*Oc1ccccc1",
       "CCC(C)C": "*CCC(C)C",
       "CCC(C)OH": "*CCC(C)O",
       "CCC(C)F": "*CCC(C)F",
       "CCCOC": "*CCCOC",
       "H3C": "*C",
       "CC(O)C": "*CC(O)C",
       "CC(F)(F)F": "*CC(F)(F)F",
       "CCO": "*CCO",
       "COC": "*COC",
       "c1ccc(Cl)cc1": "*c1ccc(Cl)cc1",
       "c1cc(Cl)ccc1Cl": "*c1cc(Cl)ccc1Cl",
       "CC=C": "*CC=C",
       "c1ccc(Cl)c(Cl)c1": "*c1ccc(Cl)c(Cl)c1",
       "c1ccncc1": "*c1ccccc1",
       "c1ccc(C)cc1": "*c1ccc(C)cc1",
       "c1ccc(OC)cc1": "*c1ccc(OC)cc1",
       "c1ccc(F)cc1": "*c1ccc(F)cc1",
       "c1ccc(Br)cc1": "*c1ccc(Br)cc1",
       "c1ccc([N+](=O)[O-])cc1": "*c1ccc([N+](=O)[O-])cc1",
       "c1ccc(C(F)(F)F)cc1": "*c1ccc(C(F)(F)F)cc1",
       "c1cccc(C(F)(F)F)c1": "*c1cccc(C(F)(F)F)c1",
       "C(=O)NMe(OMe)": "*C(=O)N(OC)C",
       "C(=O)H": "*C(=O)",
       "CH3C=O": "*C(=O)C",
       "Cc1ccc(NC(=O)Cc2ccccc2)cc1": "*Cc1ccc(NC(=O)Cc2ccccc2)cc1",
       "Cc1ccc(NC(=O)Cc2ccc(F)cc2)cc1": "*Cc1ccc(NC(=O)Cc2ccc(F)cc2)cc1",
       "c1cccnc1": "*c1cccnc1",
       "c1cncnc1": "*c1cncnc1",
       "c1cc[nH]c1": "*c1cc[nH]c1",
       "c1cc[nH]n1": "*c1cc[nH]n1",
       "C(O)Me": "*C(=O)C",
       "-C": "*C",
       "-N": "*N",
       "ClCC": "*CCCl",
       "ClCF": "*C(F)Cl",
       "(CH2)4-N": "*CCCCN",
       "CCC(C)CC": "*CCC(C)CC",
       "CCCCNC(=O)": "*CCCCNC(=O)",
       "CCCCO": "*CCCCO",
       "CCCCOC(=O)": "*CCCCOC(=O)",
       "CC#N": "*CC#N",
       "CH3CH2CH2": "*CCC",
       "CH3CH2": "*CC",
       "CC(=O)c1ccccc1": "*CC(=O)c1ccccc1",
       "O=C-N(Ph)OH": "*C(=O)N(c1ccccc1)O",
       "O=C-N(Ph)OPh": "*C(=O)N(c1ccccc1)Oc2ccccc2",
       "O=CN": "*C(=O)N",
       "N(Me)": "*NC",
       "CH2-Ph": "*Cc1ccccc1",
       "OCOCH2OP(=O)(O-)O-": "*OCOCOP(=O)([O-])[O-]",
       "CH2Ph": "*Cc1ccccc1",
       "CH2COOEt": "*CC(=O)OCC",
       "CH2SAC": "*CSC(=O)C",
       "SAC": "*SC(=O)C",
       "CH2SH": "*CS",
       "CC1CC(C)(C)CC1": "*CC1CC(C)(C)CC1",
       "-CH=CH2": "*C=C",
       "CCC(O)C": "*CCC(O)C",
       "CCCCF": "*CCCCF",
       "CCCCOC": "*CCCCOC",
       "CCOC": "*CCOC",
       "C=CC(C)C": "*C=CC(C)C",
       "(C=O)H": "*C=O",
       "CH2N(Me)CHO": "*CN(C)C=O",
       "-B(OH)2": "*B(O)O",
       "-CH2-B(OH)2": "*CB(O)O",
       "CbzNH": "C1C(COC(N*)=O)=CC=CC=1",
       "OCH2Ph": "*OCc1ccccc1",
       "CC(=O)N(C)C": "*CC(=O)N(C)C",
       "OP(=O)([O-])[O-]": "*OP(=O)([O-])[O-]",
       "OP(=O)(O)O": "*OP(=O)(O)O",
       "C(=O)O": "*C(=O)O",
       "CH2C(=O)O": "*CC(=O)O",
       "C(=O)OH": "*C(=O)O",
       "C(O)Me": "*C(=O)C",
       "C(O)OMe": "*C(=O)OC",
       "C(O)NHMe": "C(=O)NC",
       "H2N-": "*N",
       "CH3CH2NH-": "*NCC",
       "C(O)CH2Ph": "*C(=O)Cc1ccccc1",
       "CH2CH2NHC(O)CH3": "*CCNC(=O)C",
       "S(CH2)CO2H": "SCC(=O)O",
       "NH(C=NH)NHOH": "*N(C=N)NO",
       "CH=CHSO2F": "*C=CS(=O)(=O)F",
       "CH2CH2SO2F": "*CCS(=O)(=O)F",
       "(CH2)3SO2F": "*CCCS(=O)(=O)F",
       "CH2OPh": "COc1ccccc1",
       "C(F)(F)S(F)(F)(F)": "*C(F)(F)S(F)(F)(F)",
       "O=S(=O)C": "*S(=O)(=O)C",
       "-(CH2)2OH": "*CCO",
       "-(CH2)3OH": "*CCCO",
       "-C(=O)CHS": "C(=O)CS",
       "-C(=O)CH2Ph": "*C(=O)Cc1ccccc1",
       "OtBu": "*OC(C)(C)C",
       "-SO3H": "*S(=O)(=O)O",
       "SO3-": "*S(=O)(=O)[O-]",
       "OP(=O)([O-])O": "*OP(=O)([O-])O",
       "-Cl": "*Cl",
       "-NAc": "*NC(C)(C)C",
       "-NCO2Me": "*C(=O)OC",
       "NC-c1cnn[nH]1": "*NCc1cnn[nH]1",
       "Cc1ccn[nH]1": "*Cc1ccn[nH]1",
       "CCc1cn[nH]1": "*CCc1cnn1",
       "CCCCc1cn[nH]1": "*CCCCc1cnn1",
       "COc1ccccc1": "*COc1ccccc1",
       "C(O)CH2-iPr": "*C(=O)CC(C)C",
       "C(O)CH2C(OH)Me2": "*C(=O)CC(O)(C)C",
       "C(O)(CH2)2Ph": "*C(=O)CCc1ccccc1",
       "O(CH2)4-NH2": "*OCCCCN",
       "CH2CH2CH2CH2CH2CH2CH3": "*CCCCCCC",
       "-(CH2)4CH3": "*CCCCC",
       "-(CH2)2CH3": "*CCC",
       "-(CH2)3CH3": "*CCCC",
       "-(CH2)2-C(=O)NH-(CH2)4CH3": "*CCC(=O)NCCCCC",
       "-CH2-C(=O)NH-(CH2)3CH3": "*CC(=O)NCCCC",
       "CH(CH3)CH2I": "*C(C)CI",
       "NH-NH-OH": "*NNO",
       "NBoc": "*NC(=O)OC(C)(C)C",
       "HO-PO3--": "*P(=O)([O-])OO",
       "COOME": "*C(=O)OC",
       "-N(CH3)2": "*N(C)C",
       "-N(CH3)CH2CH2OCH3": "*N(C)CCOC",
       "-N(CH3)CH2CH2CH2OCH3": "*N(C)CCCOC",
       "-NHCH2CH2OCH3": "*NCCOC",
       "-NHCH2CH2CH2OCH3": "*NCCCOC",
       "N=C-CH2-O-": "*OCC=N",
       "N=C-NH-": "*NC=N",
       "H2N-C(=NH)-NH-": "*NC(=N)N",
       "N=C-CH2-": "*CC=N",
       "N#C-CH2-": "*CC#N",
       "CH2-Phenyl": "*Cc1ccccc1",
       "CH2NHC(=O)NH2": "*CNC(=O)N",
       "H3CO*": "*OC",
       "CH3OCH2CH2": "*CCOC",
       "c1ccccc1CO": "*C(=O)c1ccccc1",
       "c1ccccc1CH2O": "*OCc1ccccc1",
       "CH2C(=O)": "*CC(=O)",
       "SO2CH3": "*S(=O)(=O)C",
       "-COO-": "*C(=O)[O-]",
       "-COCH3": "*C(=O)C",
       "-CN": "*C#N",
       "O(CH2)2OH": "*OCCO",
       "-CH(CH3)CH2CH3": "*C(C)CC",
       "-O-CH2-phenyl": "*OCc1ccccc1",
       "S(=O)(=O)CF3": "*S(=O)(=O)C(F)(F)F",
       "OC(C)c1ccc(C)cc1": "*OC(C)c1ccc(C)cc1",
       "CC(=N)N": "*CC(=N)N",
       "CCN": "*CCN",
       "NHC(=O)": "*NC=O",
       "NHCH2CH2NHC(=O)": "*NCCNC=O",
       "NHCH2CH2NH2": "*NCCN",
       "O=C-C(C)(C)-C": "*C(=O)C(C)(C)C",
       "C(F)(F)C(=O)O": "*C(F)(F)C(=O)O",
       "CC(=O)O": "*CC(=O)O",
       "CH3NH": "*NC",
       "CH3CH2NH": "*NCC",
       "(CH3)2N": "*N(C)C",
       "N-Ph": "*Nc1ccccc1",
       "HOCH2CHCH3": "*C(C)CO",
       "-NHCH3": "*NC",
       "CO2Et": "*C(=O)OCC",
       "-(CH2)3-OH": "*CCCO",
       "CC(=O)c1ccc(F)cc1F": "*CC(=O)c1ccc(F)cc1F",
        "Cc1ccncc1": "*Cc1ccccc1",
        "C2H4OH": "*CCO",
        "CH(CH3)OH": "*C(C)O",
        "CH2SCF3": "*CSC(F)(F)F",
        "(CH2)3OH": "*CCCO",
        "NH2-N=N-C=N-NH2": "*C(=NN)N=NN",
        "C1CN(CCO)C1": "*C1CN(CCO)C1",
        "C1CN(CC(=O)NC(C)C(N)O)C1": "*C1CN(CC(=O)NC(C)C(N)O)C1",
        "C1CN(CCN)C1": "*C1CN(CCN)C1",
        "-CH(COOH)-CH2-NH2": "*C(C(=O)O)CN",
        "CH2C(Me)(OH)2": "*CC(C)(O)O",
        "CH2C(Me)2O": "*CC(C)(C)O",
        "HO(CH2)4O": "*OCCCCO",
        "ClCH2CH2NH(CH2)4O": "*OCCCCNCCCl",
        "ClCH2CH2NH(CH2)5O": "*OCCCCCNCCCl",
        "ClCH2CH2NH(CH2)6O": "*OCCCCCCNCCCl",
        "ClCH2CH2NH(CH2)7O": "*OCCCCCCCNCCCl",
        "HOCH2(C=O)NHCH2CH(OH)CH2O": "*OC(O)CCN(C=O)CO",
        "HOCH2CH(OH)CH2NHC(=O)CH(N)CH2CH2O": "*OCCC(N)C(=O)NCC(O)CO",
        "HS": "*S",
        "HOCH2CH2NH": "*NCCO",
        "(CH3)2CHCH2NH": "*NCC(C)C",
        "C(CH3)3": "*C(C)(C)C",
        "CH2CH2CONH2": "*CCC(=O)N",
        "CH3CH2SO2": "*S(=O)(=O)CC",
        "-CH2CH(OH)CH2NH2": "*CC(O)CN",
        "-CH2-O-CH2-NH2": "*COCN",
        "-CH2NHCH3": "*CNC",
        "OSO2NH2": "*OS(=O)(=O)N",
        "(CH2)2CH3": "*CCC",
        "(CH2)5CH3": "*CCCCCC",
        "N-C(=O)-C2CC2": "*NC(=O)C1CC1",
        "N-C(=O)-C2CC2-O": "*NC(=O)C1CC1O",
        "N-C(=O)-C2(C)CC2": "*NC(=O)C1(C)CC1",
        "N-C(=O)C2CC2": "*NC(=O)C1CC1",
        "N-C2CC2": "*NC1CC1",
        "c1ccc(Cl)c(C)c1": "*c1ccc(Cl)c(C)c1",
        "c1ccc(Cl)cc1C=O": "*c1ccc(Cl)cc1C=O",
        "c1ccc(I)cc1": "*c1ccc(I)cc1",
        "CH2CH=C(CH3)2": "*CC=C(C)C",
        "CH2CH2CHO": "*CCC=O",
        "SO2CH2CH3": "*S(=O)(=O)CC",
        "CC12CC(O1)C(O)C2": "*CC12CC(O1)C(O)C2",
        "PO4H2": "*P(=O)(O)O",
        "COO-tBu": "*C(=O)OC(C)(C)C",
        "C#C-C(=O)O": "*C#CC(=O)O",
        "CH2CONH2": "*CC(=O)N",
        "CF3COO": "*C(=O)OC(F)(F)F",
        "O(CH2)4-N": "*OCCCCN",
        "NH2CH2C(=O)c1ccccc1": "NCC(=O)c1ccccc1*",
        "O=C-CH2-phenyl": "*C(=O)Cc1ccccc1",
        "-CH2C(=O)NH2": "*CC(=O)N",
        "NHS(=O)2-phenyl": "*NS(=O)(=O)c1ccccc1",
        "-C(=O)NH-phenyl": "*C(=O)Nc1ccccc1",
        "-N-N-phenyl": "*NNc1ccccc1",
        "C6H5": "*c1ccccc1",
        "O(CH2)2CH3": "*OCCC",
        "OCCCCC(C)C": "*OCCCCC(C)C",
        "OCCCCCCCC(C)C": "*OCCCCCCCC(C)C",
        "ClS(=O)O": "ClS(=O)O*",
        "ClC1=CC=C(C(F)(F)F)C=C1N": "ClC1=CC=C(C(F)(F)F)C=C1N*",
        "NC": "*C#N",
        "c1ccc(NC)cc1": "*c1ccc(NC)cc1",
        "c1ccncc1NC": "*c1ccncc1NC",
        "c1cc[nH]c1NC": "*c1cc[nH]c1NC",
        "Me2N": "*N(C)C",
        "CC(O)C(F)(F)F": "*CC(O)C(F)(F)F",
        "CC(N)=O": "*CC(N)=O",
        "CC(NC)=O": "*CC(NC)=O",
        "O=C(O)Ph": "*C(=O)Oc1ccccc1",
        "O=S(=O)Ph": "*S(=O)(=O)c1ccccc1",
        "N=NCH3": "*N=NC",
        "CH2CH2OH": "*CCO",
        "(CH2)4OH": "*CCCCO",
        "CH2CH(OH)C6H5": "*CC(O)c1ccccc1",
        "(CH2)4OCH3": "*CCCCOC",
        "(CH2)6OH": "*CCCCCCO",
        "(CH3)2CH": "*C(C)C",
        "Cc1ccccc1": "*Cc1ccccc1",
        "Cc1ccc(F)cc1": "*Cc1ccc(F)cc1",
        "c1ccc(O)cc1": "*c1ccc(O)cc1",
        "O-CH2-CH2-OH": "*OCCO",
        "O-CH2-CH(OH)-CH3": "*OCC(O)C",
        "O-CH(CH3)-CH2-OH": "*C(C)CO",
        "O-CH2-C(CH3)2-OH": "*OCC(C)(C)O",
        "O-CH2-CF2-CHF2": "*OCC(F)(F)C(F)(F)",
        "S-CH2-CF2-CHF2": "*SCC(F)(F)C(F)(F)",
        "C(Me)=NMe": "*C(C)=NC",
        "-O-C(=O)-F": "*OC(=O)F",
        "-C(CH3)(NH)C#N": "*C(C)(N)C#N",
        "-CH2-c1cnn[nH]1": "*Cc1cnn[nH]1",
        "-CH2-c1ncc[nH]1": "*Cc1ncc[nH]1",
        "(CH3)2C(OH)": "*C(C)(C)O",
        "-CH2CH2N(CH3)2": "*CCN(C)C",
        "-CH2CH2N": "*CCN",
        "-CH2CH2O": "*CCO",
        "CH2CH=C(CH3)CH2CH2OH": "*CC=C(C)CCO",
        "H2N-N": "*NN",
        "CH2OSO3": "*COS(=O)(=O)O",
        "OSO3": "*OS(=O)(=O)O",
        "NHCH3": "*NC",
        "CH2CH2C(=O)NH2": "*CCC(=O)N",
        "CC#C": "*CC#C",
        "CCN1CC(=O)C1=O": "*CCN1CC(=O)C1=O",
        "MeSO2": "*S(=O)(=O)C",
        "EtSO2": "*S(=O)(=O)CC",
        "c1ccc(OCCNCN)cc1": "*c1ccc(OCCNCN)cc1",
        "O-C1=CC=CC=C1": "*Oc1ccccc1",
        "-CH2NHCH2CH3": "*CNCC",
        "-CH2CH=CH2": "*CC=C",
        "c1ccsc1": "*c1ccsc1",
        "c1cscn1": "*c1cscn1",
        "O=C-O-CH2CH2CH2CH2CH3": "*C(=O)OCCCCC",
        "C1CCC1": "*C1CCC1",
        "-CH2OCH2NH2": "*COCN",
        "-CH2NHCOCH3": "*CNC(=O)C",
        "BocHN": "*NC(=O)OC(C)(C)C",
        "O=CN(C)C": "*C(=O)N(C)C",
        "(CH3)2CHCH2": "*CC(C)C",
        "N-C(=O)-C": "*NC(=O)C",
        "N-C(=O)-O": "*NC(=O)O",
        "N-C(=O)": "*NC(=O)",
        "N-C": "*NC",
        "N-O": "*NO",
        "O=C-C": "*C(=O)C",
        "O-C": "*OC",
        "SF3": "*S(F)(F)F",
        "OC(=O)C(C)C": "*OC(=O)C(C)C",
        "CH(OH)CH3": "*C(O)C",
        "H3CO": "*OC",
        "CH2-C(=O)-NH-CH(OH)-CH2OH": "*CC(=O)NC(O)CO",
        "CH3CH2CH2CH2": "*CCCC",
        "CH3(CH2)5CH2": "*CCCCCCC",
        "COMe": "*COC",
        "-OSO3H": "*OS(=O)(=O)O",
        "-NHCH2CH2NHCOCH3": "*NCCNC(=O)C",
        "-CH2CH2NHC(O)CH3": "*CCNC(=O)C",
        "-C(CH3)2": "*C(C)C",
        "CH2-C(O)-OH": "*CC(=O)O",
        "CH2-C(O)-O-": "*CC(=O)[O-]",
        "CH3CH2CH2O": "*OCCC",
        "CH3CH2O": "*OCC",
        "C(F)3": "*C(F)(F)F",
        "N=CN": "*N=CN",
        "CH2NHMe": "*CNC",
        "C#C-C(=O)NHCH2CH3": "*C#CC(=O)NCC",
        "OCH2CH3": "*OCC",
        "CH2N(CH3)2": "*CN(C)C",
        "CH2CH2N(CH3)2": "*CCN(C)C",
        "(CH)8-COOH": "*CCCCCCCCC(=O)O",
        "CH2CH2CH2CH3": "*CCCC",
        "N=CCN": "*N=CCN",
        "N1CCCN1": "*N1CCCN1",
        "C1COC(CN)O1": "*C1COC(CN)O1",
        "C1CCN(CN)O1": "*C1CCN(CN)O1",
        "OC(=O)N": "*OC(=O)N",
        "CCCCC": "*CCCCC",
        "CCCCCCC": "*CCCCCCC",
        "OC(=O)CC": "*OC(=O)CC",
        "(CH3)2CHCH2CH2CH2CH(CH3)CH2CH2": "*CCC(C)CCCC(C)(C)",
        "N(CC)CC": "*N(CC)CC",
        "CH=CHPO3H2": "*C=CP(=O)(O)O",
        "OCCCCCC(C)C": "*OCCCCCC(C)C",
        "c1ccc(N2C=CC=N2)cc1": "*c1ccc(N2C=CC=N2)cc1",
        "c1ccc(N2C=NC=N2)cc1": "*c1ccc(N2C=NC=N2)cc1",
        "c1cnc[nH]1": "*c1cnc[nH]1",
        "(CH2)4CHCH2": "*CCCCC=C",
        "O=S(Ph)O": "*S(=O)(c1ccccc1)O",
        "N=C(N)NPh": "*N=C(N)Nc1ccccc1",
        "MeO2C": "*C(=O)OC",
        "CC(C(F)(F)F)O": "*CC(C(F)(F)F)O",
        "Nc1ccccc1": "*Nc1ccccc1",
        "Nc1cccc(Cl)c1": "*Nc1cccc(Cl)c1",
        "Nc1cccc(Cl)c1OC": "*Nc1cccc(Cl)c1OC",
        "Nc1cccc(Cl)c1OC(CH3)2CH3": "*Nc1cccc(Cl)c1OC(C)(C)C",
        "N1CCOCC1=O": "*N1CCOCC1=O",
        "AcHN": "*NC(C)(C)C",
        "(CH2)2Me": "*CCC",
        "-N-F": "*NF",
        "-N-Me": "*NC",
        "OPO32-": "*OP(=O)([O-])[O-]",
        "O=C-O-CH3": "*C(=O)OC",
        "O=S(=O)-CH3": "*S(=O)(=O)C",
        "O-CH2-C(CH3)2": "*OCC(C)C",
        "O-CH2-CH2-O-CH2-C(CH3)2": "*OCCOCC(C)C",
        "O-CH2-CH2-O-C(CH3)2": "*OCCOC(C)C",
        "O-CH2-CH2-O-CF2-CH2-F": "*OCCOC(F)(F)CF",
        "O-CH2-CF2-O-CH2-CF3": "*OCC(F)(F)OCC(F)(F)F",
        "S-CH2-CF2-O-CH2-CF3": "*SCC(F)(F)OCC(F)(F)F",
        "-CH2-C(=O)NH2": "*CC(=O)N",
        "O=C-C=C": "O=CC=C*",
        "O=S(=O)-C=C": "*S(=O)(=O)C=C",
        "N=C=C": "*N=C=C"
}