{
    "Hydrogen": "[H]",
    "benzo[d][1,3]dioxol-5-yl": "O1COC2=C1C=C[C]=C2",
    "benzo[c][1,2,5]oxadiazol-5-yl": "N=1ON=C2C1C=C[C]=C2",
    "1H-benzo[d]imidazol-5-yl": "N1C=NC2=C1C=C[C]=C2",
    "1H-indol-6-yl": "N1C=CC2=CC=[C]C=C12",
    "benzo[d]thiazol-5-yl": "S1C=NC2=C1C=C[C]=C2",
    "pyrimidin-2-ylamino": "N1=C(N=CC=C1)[NH]",
    "2-pyridyl": "N1=[C]C=CC=C1",
    "3-chlorophenyl": "ClC=1C=[C]C=CC1",
    "3-chloro-2-fluorophenyl": "ClC=1C(=[C]C=CC1)F",
    "(5-carbamoylpyrimidin-2-yl)amino": "C(N)(=O)C=1C=NC(=NC1)[NH]",
    "3-fluoro-2-pyridyl": "FC=1[C]=NC=CC1",
    "(4,6-dimethoxy-1,3,5-triazin-2-yl)amino": "COC1=NC(=NC(=N1)OC)[NH]",
    "3-chloro-2-pyridyl": "ClC=1[C]=NC=CC1",
    "2,2-difluorobenz[d][1,3]dioxole-4-yl": "FC1(OC2=C(O1)C=CC=[C]2)F",
    "(4-methoxy-6-(piperazin-1-yl)-1,3,5-triazin-2-yl)amino": "COC1=NC(=NC(=N1)N1CCNCC1)[NH]",
    "(4-amino-6-methoxy-1,3,5-triazin-2-yl)amino": "NC1=NC(=NC(=N1)OC)[NH]",
    "phenyl": "[C]1=CC=CC=C1",
    "3-chlorophenyl/2-pyridyl": "N1=[C]C=CC=C1",
    "2-pyridyl/3-chlorophenyl": "ClC=1C=[C]C=CC1",
    "biphenyl": "C1(=CC=CC=C1)C1=CC=CC=C1",
    "3-pyridyl": "N1=C[C]=CC=C1",
    "4-pyridyl": "N1=CC=[C]C=C1",
    "pyrazol-3-yl": "N1N=[C]C=C1",
    "imidazol-4-yl": "N1C=N[C]=C1",
    "4-oxazolyl": "O1C=N[C]=C1",
    "cyclohexyl": "[CH]1CCCCC1",
    "cyclopentyl": "[CH]1CCCC1",
    "n-butyl": "[CH2]CCC",
    "Cytosine": "N1C(=O)N=C(N)C=C1",
    "Uracil": "N1C(=O)NC(=O)C=C1",
    "3-Acetamido-phenyl": "C(C)(=O)NC=1C=[C]C=CC1",
    "4-Acetamido-phenyl": "C(C)(=O)NC1=CC=[C]C=C1",
    "3-carbamoyl-phenyl": "C(N)(=O)C=1C=[C]C=CC1",
    "4-carbamoyl-phenyl": "C(N)(=O)C1=CC=[C]C=C1",
    "Oxindol-5-yl": "N1C(CC2=C[C]=CC=C12)=O",
    "phenol": "C1(=CC=CC=C1)O",
    "Boc": "[C](=O)OC(C)(C)C",
    "isobutyl": "[CH2]C(C)C",
    "(S)-2-methylbutyl": "C[C@H]([CH2])CC",
    "2-ethyl-n-butyl": "C(C)C([CH2])CC",
    "allyl": "[CH2]C=C",
    "propyl": "[CH2]CC",
    "ethyl": "[CH2]C",
    "3-(Trifluoromethyl) phenyl": "FC(C=1C=[C]C=CC1)(F)F",
    "2,4-Difluorophenyl": "FC1=[C]C=CC(=C1)F",
    "TBDMS": "[Si](C)(C)C(C)(C)C",
    "4-pyranyl": "O1CC=[C]C=C1",
    "5-thiazolyl": "S1C=NC=[C]1",
    "cyclopropyl": "[CH]1CC1",
    "1H-pyrazol-1-yl": "[N]1N=CC=C1",
    "piperazin-1-yl": "[N]1CCNCC1",
    "pyrimidin-5-yl": "N1=CN=C[C]=C1",
    "thiophen-3-yl": "S1C=[C]C=C1",
    "thiophen-2-yl": "S1[C]=CC=C1",
    "Biotin": "OC(=O)CCCC[C@@H]1SC[C@@H]2NC(=O)N[C@H]12",
    "Vinyl": "[CH]=C",
    "t-Butyl": "[C](C)(C)C",
    "4-fluorophenyl": "FC1=CC=[C]C=C1",
    "1-naphthyl": "[C]1=CC=CC2=CC=CC=C12",
    "2-naphthyl": "C1=[C]C=CC2=CC=CC=C12",
    "tetrahydro-2H-thiopyran-4-acetaldehyde  1,1-dioxide": "S1(CCC(CC1)CC=O)(=O)=O",
    "4,4-difluorocyclohexaneacetaldehyde": "FC1(CCC(CC1)CC=O)F",
    "n-octyl": "[CH2]CCCCCCC",
    "cyclopropylmethyl": "C1(CC1)[CH2]",
    "benzene": "C1=CC=CC=C1",
    "meta-fluorobenzene": "FC=1C=CC=CC1",
    "meta-chlorobenzene": "ClC=1C=CC=CC1",
    "4-chlorophenyl": "ClC1=CC=[C]C=C1",
    "3,4-dichlorophenyl": "ClC=1C=[C]C=CC1Cl",
    "2,4-dichlorophenyl": "ClC1=[C]C=CC(=C1)Cl",
    "4-methylphenyl": "CC1=CC=[C]C=C1",
    "4-methoxyphenyl": "COC1=CC=[C]C=C1",
    "4-bromophenyl": "BrC1=CC=[C]C=C1",
    "4-nitrophenyl": "[N+](=O)([O-])C1=CC=[C]C=C1",
    "4-trifluoromethylphenyl": "FC(C1=CC=[C]C=C1)(F)F",
    "3-trifluoromethylphenyl": "FC(C=1C=[C]C=CC1)(F)F",
    "2-trifluoromethylphenyl": "FC(C1=[C]C=CC=C1)(F)F",
    "Cbz": "[C](=O)OCC1=CC=CC=C1",
    "3-methoxyphenyl": "COC=1C=[C]C=CC1",
    "4-chloro-3-methoxyphenyl": "ClC1=C(C=[C]C=C1)OC",
    "m-tolyl": "C1(=C[C]=CC=C1)C",
    "1H-indazol-5-yl": "N1N=CC2=C[C]=CC=C12",
    "2-naphthalenyl": "C1=[C]C=CC2=CC=CC=C12",
    "n-propyl": "[CH2]CC",
    "n-hexyl": "[CH2]CCCCC",
    "n-pentyl": "[CH2]CCCC",
    "n-decyl": "[CH2]CCCCCCCCC",
    "n-dodecyl": "[CH2]CCCCCCCCCCC",
    "methyl": "[CH3]",
    "isopropyl": "[CH](C)C",
    "2-butyne": "CC#CC",
    "1-methylcyclopropyl": "C[C]1CC1",
    "4-methylcyclohexyl": "CC1CC[CH]CC1",
    "t-butyl": "[C](C)(C)C",
    "benzo[d]-[1,3]dioxole": "O1COC2=C1C=CC=C2",
    "TBDPS": "[Si](C1=CC=CC=C1)(C1=CC=CC=C1)C(C)(C)C",
    "acryloyl": "[C](C=C)=O",
    "but-2-ynoyl": "[C](C#CC)=O",
    "vinylsulfonyl": "C(=C)[S](=O)=O",
    "(E)-but-2-enoyl": "[C](\\C=C\\C)=O",
    "(E)-5-methylhex-2-enoyl": "CC(C/C=C/[C]=O)C",
    "(E)-cinnamoyl": "[C](\\C=C\\C1=CC=CC=C1)=O",
    "(E)-3-carboxyacryl": "C(=O)(O)/C=C/[C]=O",
    "(E)-4-ethoxy-4-oxobut-2-enoyl": "C(C)OC(/C=C/[C]=O)=O",
    "(E)-4-(dimethylamino)but-2-enoyl": "CN(C/C=C/[C]=O)C",
    "(E)-4-(diethylamino)but-2-enoyl": "C(C)N(C/C=C/[C]=O)CC",
    "5-chloropyridin-2-yl": "ClC=1C=C[C]=NC1",
    "5-fluoropyridin-2-yl": "FC=1C=C[C]=NC1",
    "5-cyanopyridin-2-yl": "C(#N)C=1C=C[C]=NC1",
    "5-(difluoromethyl)pyrazin-2-yl": "FC(C=1N=C[C]=NC1)F",
    "5-methoxypyrazin-2-yl": "COC=1N=C[C]=NC1",
    "5-(2,2,2-trifluoroethoxy)pyrazin-2-yl": "FC(COC=1N=C[C]=NC1)(F)F",
    "5-(fluoromethoxy)pyrazin-2-yl": "FCOC=1N=C[C]=NC1",
    "Methanesulfonyl": "C[S](=O)=O",
    "Ethanesulfonyl": "C(C)[S](=O)=O",
    "2H-tetrazole": "N=1NN=NC1",
    "tetrazole": "N1N=NN=C1",
    "thiophene": "S1C=CC=C1",
    "thiazol-2-yl": "S1[C]=NC=C1",
    "4-cyanophenyl": "C(#N)C1=CC=[C]C=C1",
    "Ribose phosphate": "P(=O)(O)(O)O.O=C[C@H](O)[C@H](O)[C@H](O)CO",
    "Fluoro": "[F]",
    "2,2-difluorobenz[d] [1,3]dioxole-4-yl": "FC1(OC2=C(O1)C=CC=[C]2)F",
    "3-isoxazolyl": "O1N=[C]C=C1",
    "4-isoxazolyl": "O1N=C[C]=C1",
    "cyclobutyl": "[CH]1CCC1",
    "quinolin-2-yl": "N1=[C]C=CC2=CC=CC=C12",
    "pyridin-2-yl": "N1=[C]C=CC=C1",
    "pentane": "CCCCC",
    "2-propanol": "CC(C)O",
    "2-pentanol": "CC(CCC)O",
    "phenethyl": "[CH2]CC1=CC=CC=C1",
    "benzyloxy": "C(C1=CC=CC=C1)[O]",
    "N-benzylmethylamino": "C(C1=CC=CC=C1)C[NH]",
    "1-methyl-1-phenylethylamino": "CC(C)(C1=CC=CC=C1)[NH]",
    "ethylsulfonyl": "C(C)[S](=O)=O",
    "but-3-en-1-yl": "[CH2]CC=C",
    "but-2-en-1-yl": "[CH2]C=CC",
    "tetrahydropyran-4-yl": "O1CC[CH]CC1",
    "pyridin-4-yl": "N1=CC=[C]C=C1",
    "4-fluorobenzene": "FC1=CC=CC=C1",
    "4-chloro-3-fluorobenzene": "ClC1=C(C=CC=C1)F",
    "3-chlorobenzene": "ClC=1C=CC=CC1",
    "3,5-difluorobenzene": "FC=1C=CC=C(C1)F",
    "2-methoxyethyl": "COC[CH2]",
    "1-methyl-4-aminopyrazole": "CN1N=CC(=C1)N",
    "4-hydroxyphenyl": "OC1=CC=[C]C=C1",
    "3-aminophenyl": "NC=1C=[C]C=CC1",
    "indazol-6-yl": "N1N=CC2=CC=[C]C=C12",
    "2-cyano-3-cyclopropylacrylamide": "C(#N)C(C(=O)N)=CC1CC1",
    "2-cyano-N-methylacrylamide": "C(#N)C(C(=O)NC)=C",
    "1-naphthol": "C1(=CC=CC2=CC=CC=C12)O",
    "2-naphthol": "C1=C(C=CC2=CC=CC=C12)O",
    "i-propyl": "[CH](C)C",
    "4-methoxy-3-pyridyl": "COC1=[C]C=NC=C1",
    "3-fluorophenyl": "FC=1C=[C]C=CC1",
    "2,3-difluorophenyl": "FC1=[C]C=CC=C1F",
    "2,5-difluorophenyl": "FC1=[C]C=C(C=C1)F",
    "acryloyl chloride": "C(C=C)(=O)Cl",
    "propiolic acid": "C(C#C)(=O)O",
    "but-2-ynoic acid": "C(C#CC)(=O)O",
    "2-amino-6-hydroxy-purine": "NC1=NC(=C2NC=NC2=N1)O",
    "naphthalene": "C1=CC=CC2=CC=CC=C12",
    "carboxyl": "[C](=O)O",
    "hydroxyethyl": "OC[CH2]",
    "cyanuric chloride": "N1=C(Cl)N=C(Cl)N=C1Cl",
    "p-(diethylamino)phenyl": "C(C)N(C1=CC=[C]C=C1)CC",
    "guanidino": "[NH]C(=N)N",
    "Methyl": "[CH3]",
    "pyrazole": "N1N=CC=C1",
    "piperidine": "N1CCCCC1",
    "morpholine": "N1CCOCC1",
    "piperazine": "N1CCNCC1",
    "thiazolidine": "S1CNCC1",
    "azetidine": "N1CCC1",
    "2-heptyl": "C[CH]CCCCC",
    "Methoxy": "C[O]",
    "(p-aminobenzoyl)glutamate": "NC1=CC=C(C(=O)N[C@@H](CCC(=O)[O-])C(=O)[O-])C=C1",
    "acetyl": "[C](C)=O",
    "2-amino-6-hydroxy-9H-purin-9-ium": "NC1=NC(=C2N=C[NH2+]C2=N1)O",
    "imidazole": "N1C=NC=C1",
    "1H-1,2,4-triazole": "N1N=CN=C1",
    "pyridine": "N1=CC=CC=C1",
    "N-acetylspermidine": "C(C)(=O)NCCCCNCCCN",
    "acrylamide": "C(C=C)(=O)N",
    "propionamide": "C(CC)(=O)N",
    "benzyl": "[CH2]C1=CC=CC=C1",
    "4-fluorobenzyl": "FC1=CC=C([CH2])C=C1",
    "4-(trifluoromethyl)benzyl": "FC(C1=CC=C([CH2])C=C1)(F)F",
    "2-phenylethyl": "C1(=CC=CC=C1)C[CH2]",
    "3-phenylpropyl": "C1(=CC=CC=C1)CC[CH2]",
    "trifluoromethoxy": "FC([O])(F)F",
    "pentafluorosulfanyl": "F[S](F)(F)(F)F",
    "Iodine": "[I]",
    "Phenyl": "[C]1=CC=CC=C1",
    "pyridine-3-yl": "N1=C[C]=CC=C1",
    "benzoic acid": "C(C1=CC=CC=C1)(=O)O",
    "cyclopropanecarboxylic acid": "C1(CC1)C(=O)O",
    "2-fluoro-5-(trifluoromethyl)phenyl": "FC1=[C]C=C(C=C1)C(F)(F)F",
    "5-chloro-2,4-difluorophenyl": "ClC=1C(=CC(=[C]C1)F)F",
    "N-Pyrrolidinyl": "[N]1CCCC1",
    "2-Pyridinyl": "N1=[C]C=CC=C1",
    "hydrogen": "[H]",
    "glucose": "O=C[C@H](O)[C@@H](O)[C@H](O)[C@H](O)CO",
    "pyrimidin-2-yl": "N1=[C]N=CC=C1",
    "pyrimidin-4-yl": "N1=CN=[C]C=C1",
    "pyridazin-3-yl": "N1=N[C]=CC=C1",
    "5-methyl-1,3,4-oxadiazol-2-yl": "CC1=NN=[C]O1",
    "6-cyano-pyridazin-3-yl": "C(#N)C1=CC=[C]N=N1",
    "5-cyano-pyrazin-2-yl": "C(#N)C=1N=C[C]=NC1",
    "2-cyano-pyrimidin-4-yl": "C(#N)C1=NC=C[C]=N1",
    "6-cyano-pyrimidin-4-yl": "C(#N)C1=C[C]=NC=N1",
    "Indazole": "N1N=CC2=CC=CC=C12",
    "n-Propyl": "[CH2]CC",
    "Isobutyl": "[CH2]C(C)C",
    "Cyclopentyl": "[CH]1CCCC1",
    "4-(methoxycarbonyl)phenyl": "COC(=O)C1=CC=[C]C=C1",
    "3-cyanophenyl": "C(#N)C=1C=[C]C=CC1",
    "2-carbamoylphenyl": "C(N)(=O)C1=[C]C=CC=C1",
    "acetyl-CoA": "C(C)(=O)SCCNC(CCNC([C@@H](C(COP(OP(OC[C@@H]1[C@H]([C@H]([C@@H](O1)N1C=NC=2C(N)=NC=NC12)O)OP(=O)(O)O)(=O)O)(=O)O)(C)C)O)=O)=O",
    "(S)-2-amino-4-carbamimidamidobutanoyl": "N[C@H]([C]=O)CCNC(=N)N",
    "(S)-2-amino-4-sulfamoylaminobutanoyl": "N[C@H]([C]=O)CCNS(N)(=O)=O",
    "(S)-2-amino-5-guanidinopentanoyl": "N[C@H]([C]=O)CCCNC(=N)N",
    "3-butenyl": "[CH2]CC=C",
    "3-chloropropyl": "ClCC[CH2]",
    "4-(4-methylpiperazin-1-yl)phenyl": "CN1CCN(CC1)C1=CC=[C]C=C1",
    "2-cyclopropanecarboxylic acid": "C1C(C1)C(=O)O",
    "pyridin-3-amine": "N1=CC(=CC=C1)N",
    "2-methylpropyl": "CC([CH2])C",
    "2-hydroxy-2-methylpropyl": "OC([CH2])(C)C",
    "2-fluoro-2-methylpropyl": "FC([CH2])(C)C",
    "2,2,2-trifluoroethyl": "FC([CH2])(F)F",
    "5-chloro-2-fluorophenyl": "ClC=1C=CC(=[C]C1)F",
    "3-chloro-4-fluorophenyl": "ClC=1C=[C]C=CC1F",
    "1H-indol-3-yl": "N1C=[C]C2=CC=CC=C12",
    "5-methoxy-1H-indol-3-yl": "COC=1C=C2[C]=CNC2=CC1",
    "(1H-indol-3-yl)methyl": "N1C=C(C2=CC=CC=C12)[CH2]",
    "benzofuran-3-yl": "O1C=[C]C2=C1C=CC=C2",
    "benzo[d]isoxazol-3-yl": "O1N=[C]C2=C1C=CC=C2",
    "1H-benzo[d]imidazol-1-yl": "[N]1C=NC2=C1C=CC=C2",
    "naphthalen-1-yl": "[C]1=CC=CC2=CC=CC=C12",
    "azocan-1-yl": "[N]1CCCCCCC1",
    "piperidin-1-yl": "[N]1CCCCC1",
    "4-methylpiperazin-1-yl": "CN1CC[N]CC1",
    "morpholino": "O1CC[N]CC1",
    "thiomorpholino": "S1CC[N]CC1",
    "thiomorpholine 1,1-dioxide": "N1CCS(CC1)(=O)=O",
    "3,4-dihydroisoquinolin-2(1H)-yl": "C1[N]CCC2=CC=CC=C12",
    "Pyridin-3-yl": "N1=C[C]=CC=C1",
    "2-Chlorophenyl": "ClC1=[C]C=CC=C1",
    "3-Chlorophenyl": "ClC=1C=[C]C=CC1",
    "3,4-Dichlorophenyl": "ClC=1C=[C]C=CC1Cl",
    "2-Naphthyl": "C1=[C]C=CC2=CC=CC=C12",
    "Biphenyl-3-yl": "C1(=C[C]=CC=C1)C1=CC=CC=C1",
    "dimethylamine": "CNC",
    "4-aminophenylsulfonyl": "NC1=CC=C(C=C1)[S](=O)=O",
    "tetrahydrofuran-3-yl": "O1C[CH]CC1",
    "4-phenoxyphenyl": "O(C1=CC=CC=C1)C1=CC=[C]C=C1",
    "cyanoamine": "C(#N)N",
    "n-nonyl": "[CH2]CCCCCCCC",
    "pentyl": "[CH2]CCCC",
    "butyl": "[CH2]CCC",
    "pyrrolidine": "N1CCCC1",
    "Acryloyl": "[C](C=C)=O",
    "3,4-dihydroxy-6-oxo-cyclohex-1,4-dienecarboxylic acid": "OC1C=C(C(C=C1O)=O)C(=O)O",
    "1,2,4-triazol-3-yl-methyl": "N1N=C(N=C1)[CH2]",
    "Acetyl": "[C](C)=O",
    "1-naphthylmethyl": "C1(=CC=CC2=CC=CC=C12)[CH2]",
    "2-naphthylmethyl": "C1=C(C=CC2=CC=CC=C12)[CH2]",
    "tetrahydropyran": "O1CCCCC1",
    "cyclohexane": "C1CCCCC1",
    "4-chlorophenethyl": "ClC1=CC=C(C[CH2])C=C1",
    "thien-2-yl": "S1[C]=CC=C1",
    "2,4,5-trichlorophenyl": "ClC1=[C]C=C(C(=C1)Cl)Cl",
    "pyridin-3-yl": "N1=C[C]=CC=C1",
    "3,5-bis(trifluoromethyl)phenyl": "FC(C=1C=[C]C=C(C1)C(F)(F)F)(F)F"
}