{
    "null": "",
    "R1": "",
    "": "",
    "R": "",
    "OR": "",
    "h": "",
    "20'": "",
    "21'": "",
    "22'": "",
    "CH\u2083": "",
    "23'": "",
    "24'": "",
    "25'": "",
    "26'": "",
    "2g": "",
    "27'": "",
    "2h": "",
    "2i": "",
    "2j": "",
    "2k": "",
    "5-CH3": "",
    "7-CH3": "",
    "5,7-diCH3": "",
    "5,8-diCH3": "",
    "6,8-diCH3": "",
    "5-F": "",
    "7-F": "",
    "5-Cl": "",
    "7-Cl": "",
    "5-Br": "",
    "7-Br": "",
    "7-OCH3": "",
    "5,6-benzo": "",
    "5-CH2-CH2-": "",
    "5-COOH": "",
    "7-COOH": "",
    "7-OH": "",
    "Bpin": "",
    "CH3CO": "",
    "H2C=CHCH2": "",
    "9a": "",
    "15-18": "",
    "19-22": "",
    "Table 2": "",
    "CH": "",
    "HCl/MeOH": "",
    "=O": "",
    "Me/H": "",
    "12a-d": "",
    "3-F": "",
    "3-F, 4-Me": "",
    "NH\u2082": "",
    "3,5-di-F": "",
    "4-Me": "",
    "4-Cl": "",
    "3-Cl": "",
    "NO\u2082": "",
    "4-t-Bu": "",
    "4-SO2Me": "",
    "4-tetrahydropyran": "",
    "4-N-methylpiperidine": "",
    "1a,1b,1c,1d": "",
    "Ar": "",
    "C(O)C4H9": "",
    "R-Me": "",
    "rac-CH2OH": "",
    "rac-Ph": "",
    "(R)-Bn": "",
    "(S)-Bn": "",
    "(R)-CH2Cy": "",
    "(R)-Ph": "",
    "(S)-Ph": "",
    "R-Bn": "",
    "7b": "",
    "a": "",
    "CF3COO-": "",
    "NO2/NH2": "",
    "R\u00b2'": "",
    "B(OH)2": "",
    "R'": "",
    "(CH2)8-COOH": "",
    "2-Me-phenyl": "",
    "3-Me-phenyl": "",
    "4-Me-phenyl": "",
    "2-CN-phenyl": "",
    "3-CN-phenyl": "",
    "4-CN-phenyl": "",
    "2-Oxo-tetrahydro-quinolin-6-yl": "",
    "-NH-phenyl": "",
    "-morpholino": "",
    "-[1,2,4]triazolo[4,3-a]pyridin-3(2H)-one": "",
    "i-Bu or CF3 or 1-(trifluoromethyl)cyclopropyl": "",
    "H or I": "",
    "N-Me": "",
    "d": "",
    "e": "",
    "f": "",
    "N/A": "",
    "Six enzymatic steps": "",
    "O-N=O": "",
    "-O-GTP": "",
    "OTHP": "",
    "OEtOMe": "",
    "(S)-OH": "",
    "OCH3": "",
    "CHO": "",
    "(R)-OH": "",
    "CH3CH2CH2CH": "",
    "CH2CH2CH3": "",
    "C=O": "",
    "CCN(C)C": "",
    "CCCN(C)C": "",
    "CCN(CC)CC": "",
    "CCCN(CC)CC": "",
    "1-40 to 1-42, 1-44": "",
    "40-42, 44-57": "",
    "iPr": "",
    "CH2CH2": "",
    "(CH2)3": "",
    "-(CH2)5-": "",
    "(R)-F": "",
    "(S)-F": "",
    "-N<image>": "",
    "Pr": "",
    "TBDMSO": "",
    "3-Pen": "",
    "iBu": "",
    "CH\u2082Pr": "",
    "C(Me)\u2082CH\u2082OH": "",
    "CO2H": "",
    "CH=CH-PO3H2": "",
    "1-Me-Pr": "",
    "SMe": "",
    "1-Me-oxetanyl": "",
    "OiBu": "",
    "PO3H2": "",
    "CH2PO3H2": "",
    "CONH(CH2)2PO3H2": "",
    "S(O)Me": "",
    "i-pr": "",
    "CONHCH2PO3H2": "",
    "CH2CH3": "",
    "[N]": "",
    "Ph-2-F": "",
    "Ph-2-Cl": "",
    "Ph-2-OMe": "",
    "Ph-3-F": "",
    "Ph-3-Cl": "",
    "Ph-3-OMe": "",
    "Ph-3-CN": "",
    "Ph-4-F": "",
    "Ph-4-Cl": "",
    "Ph-4-OMe": "",
    "Ph-4-CN": "",
    "pyridyl-3-yl": "",
    "n-Pr": "",
    "c-Pr": "",
    "i-Bu": "",
    "Bn": "",
    "Cy5": "",
    "-H": "",
    "-OH": "",
    "CF2H": "",
    "7a": "",
    "-NHMe": "",
    "-NHEt": "",
    "-N(Me)2": "",
    "-NHCH2-cPr": "",
    "-NH(CH2)2OH": "",
    "O=C=N-Ph": "",
    "O=S=O-Ph": "",
    "MeO2S": "",
    "EtO2S": "",
    "MeS": "",
    "-(CH2)3-": "",
    "S": "",
    "(R)(S)": "",
    "M0": "",
    "M1": "",
    "M2": "",
    "-": "",
    "M3": "",
    "CC(=O)OS(=O)(=O)C": "",
    "M4": "",
    "5-(tetrazolyl)": "",
    "M5": "",
    "M6": "",
    "M7": "",
    "Ar1": "",
    "Ot-Bu": "",
    "61a-p": "",
    "O-C-C": "",
    "c-C3H5": "",
    "-COOH": "",
    "4-9": "",
    "O(CF2)2CF3": "",
    "SO2(CH2)2CF3": "",
    "TrpGc": "",
    "48-59": "",
    "85-90": "",
    "98-105": "",
    "61-74": "",
    "75-78": "",
    "79-84, 91-92": "",
    "Me-*": "",
    "A": "",
    "HO": "",
    "B": "",
    "H3C": "",
    "(OH)3": "",
    "CH2COOCH3": "",
    "CH2CHCHCOOCH3": "",
    "OCHF2": "",
    "-CH2CH2CH2Cl": "",
    "Me\nHO~~\nHN": "",
    "Me'\nO\nHO~~Me\n~~~": "",
    "1ae": "",
    "1af": "",
    "11h": "",
    "19l": "",
    "27, 28": "",
    "CONMe2": "",
    "N=N": "",
    "H2N": "",
    "Rx": "",
    "See Table 1": "",
    "C or N": "",
    "CO\u2082Me": "",
    "C(OMe)2": "",
    "PhCH2": "",
    "CONHNHBoc": "",
    "morphenyl": "",
    "14a": "",
    "15a": "",
    "16a": "",
    "23a": "",
    "<image>": "",
    "S1": "",
    "S2": "",
    "napthyl": "",
    "-Br": "",
    "NMe2": "",
    "\"Pr": "",
    "\"Bu": "",
    "-(CH2)2NH2": "",
    "c-Bu": "",
    "D": "",
    "-CH=C(CH3)COC2H5": "",
    "-CH=C(CH3)COCH2CH2CH3": "",
    "-CH=C(CH3)CO-c-C4H7": "",
    "X": "",
    "CH2NHCOCH2N(CH3)2": "",
    "CH2NHCO(CH2)2N(CH3)2": "",
    "CH2NHCO(CH2)3N(CH3)2": "",
    "H, n = 1": "",
    "Me, n = 2": "",
    "H, n = 2": "",
    "ENZ": "",
    "-CH2CH2OCH3": "",
    "-CH2CH2NH": "",
    "-CH2-c-C3H5": "",
    "(CH2)2": "",
    "hetaryl, NRR'": "",
    "TIPS": "",
    "29-43": "",
    "(het)aryl, NRR'": "",
    "j": "",
    "meta-chlorobenzene, para-fluorobenzene": "",
    "k": "",
    "z": "",
    "dichlorobenzene": "",
    "x": "",
    "difluorobenzene": "",
    "l": "",
    "g": "",
    "i": "",
    "s": "",
    "c": "",
    "r": "",
    "m": "",
    "n": "",
    "o": "",
    "t": "",
    "u": "",
    "v": "",
    "w": "",
    "y": "",
    "n = 2-8": "",
    "HOOCCH2CH2-": "",
    "CC(C)C": "",
    "MeO": "",
    "SO2": "",
    "O=C": "",
    "C(F)(F)=O": "",
    "C(OC)(OC)": "",
    "19a-f": "",
    "35H": "",
    "19a-d": "",
    "27b,c": "",
    "OTBDPS": "",
    "Sa": "",
    "5b": "",
    "5c": "",
    "-CH2O-": "",
    "5d": "",
    "5e": "",
    "11a": "",
    "-O-": "",
    "11b": "",
    "11c": "",
    "-CH2-": "",
    "-NHCH2-": "",
    "13a": "",
    "13b": "",
    "13c": "",
    "13d": "",
    "15a-c": "",
    "16a-c": "",
    "11a-c": "",
    "12a-c": "",
    "10b": "",
    "28b": "",
    "30b, 30d": "",
    "31b, 31d": "",
    "27a, 27b": "",
    "28a-d": "",
    "6n, 6o, 7f, 7g, 14, 15": "",
    "14b": "",
    "7u, 7w": "",
    "14c": "",
    "CI": "",
    "5a": "",
    "9b": "",
    "10c": "",
    "8-17": "",
    "1b": "",
    "1c": "",
    "OPP": "",
    "15h": "",
    "CH2CN": "",
    "15i": "",
    "31l": "",
    "31n": "",
    "31a": "",
    "B1": "",
    "B2": "",
    "F,F": "",
    "1d": "",
    "NNs": "",
    "\u0394": "",
    "6a": "",
    "6b": "",
    "F3C": "",
    "6c": "",
    "6d": "",
    "6e": "",
    "6f": "",
    "6g": "",
    "6h": "",
    "PMBHN": "",
    "NHPMB": "",
    "7c": "",
    "7d": "",
    "7e": "",
    "7f": "",
    "7g": "",
    "7h": "",
    "20a": "",
    "20b": "",
    "12b": "",
    "15b": "",
    "16b": "",
    "10a": "",
    "10d": "",
    "7a-c": "",
    "2-Cl": "",
    "2-F": "",
    "3-Me": "",
    "3,5-Cl2": "",
    "3,5-F2": "",
    "3-Cl, 5-F": "",
    "11ra": "",
    "11rb": "",
    "11rc": "",
    "11rd": "",
    "11re": "",
    "11rf": "",
    "54a-d, f": "",
    "11rg": "",
    "55a-c, f": "",
    "11rh": "",
    "24a-c, f": "",
    "11ri": "",
    "24d": "",
    "11rj": "",
    "23a-f": "",
    "26c, f": "",
    "cPe": "",
    "27g": "",
    "3-BrBn": "",
    "79e": "",
    "7A": "",
    "29a-e": "",
    "7B": "",
    "79a-e": "",
    "31a-b": "",
    "30a": "",
    "11B": "",
    "12B": "",
    "13B": "",
    "18,21-23": "",
    "NH(Mmt)": "",
    "2a-g": "",
    "RGD": "",
    "VGDK": "",
    "N403": "",
    "10CF3": "",
    "26F3": "",
    "22-27": "",
    "K14cr": "",
    "6a-c": "",
    "19a-c": "",
    "21a-c": "",
    "i-Pr": "",
    "2c": "",
    "Ac": "",
    "2d": "",
    "O(CH2)2OCH3": "",
    "NHBoc": "",
    "COO-": "",
    "5l": "",
    "OBu": "",
    "8c": "",
    "E": "",
    "G": "",
    "J": "",
    "L": "",
    "Q": "",
    "P": "",
    "OCH2O": "",
    "8g": "",
    "3,4-naphthyl": "",
    "10k": "",
    "11k": "",
    "12k": "",
    "CHMe2": "",
    "N=C": "",
    "5a (R = Me)": "",
    "5b (R = H)": "",
    "3b (R = Me)": "",
    "3c (R = H)": "",
    "6 (R = H)": "",
    "9 (R = F)": "",
    "12, 13, 14, 15": "",
    "8, 9": "",
    "11, 12, 13, 14, 15": "",
    "PEG": "",
    "42a": "",
    "43a": "",
    "72-73": "",
    "50-51": "",
    "93-97": "",
    "FL-6b": "",
    "13a-13i": "",
    "14a-14i": "",
    "16-27": "",
    "14o": "",
    "28c; R2 = CH2Ph\n28d; R2 = CH2COOEt": "",
    "28e-28i": "",
    "36a-36d": "",
    "4a": "",
    "4b": "",
    "28i": "",
    "28j": "",
    "28k": "",
    "28l": "",
    "8a": "",
    "46a": "",
    "8b": "",
    "46b": "",
    "X = -OCH2CH2-": "",
    "17b": "",
    "18b": "",
    "19b": "",
    "23b": "",
    "7, 10, 13, 17": "",
    "29-35, 42-48": "",
    "24b": "",
    "COOEt": "",
    "11a, 11b, 11g, 11h": "",
    "13a, 13b, 13g, 13h": "",
    "5a, 5b, 5g, 5h": "",
    "16a, 16b": "",
    "21j, 21k, 21l": "",
    "21a": "",
    "22a": "",
    "17a": "",
    "18a": "",
    "19a": "",
    "23H": "",
    "H---": "",
    "27H": "",
    "28H": "",
    "29H": "",
    "10e": "",
    "22b": "",
    "22c": "",
    "22d": "",
    "CIH-N": "",
    "8a, 8b": "",
    "17a-c": "",
    "8a-8d": "",
    "10e-10j": "",
    "2HCI": "",
    "23-27": "",
    "39-43": "",
    "34-38": "",
    "6n, 6o, 7f,7g, 14, 15": "",
    "M634": "",
    "4d": "",
    "b": "",
    "2a": "",
    "2b": "",
    "2e": "",
    "1a, 1b": "",
    "22a-f": "",
    "U": "",
    "54g, i, l": "",
    "54g, i, l-m": "",
    "55g, i, l-m": "",
    "26g, i, l-m": "",
    "54n": "",
    "54o": "",
    "54n-o": "",
    "55n-o": "",
    "26n-o": "",
    "1tBus": "",
    "1hex": "",
    "-OCH2-": "",
    "7i": "",
    "7j": "",
    "7k": "",
    "7l": "",
    "7m": "",
    "7n": "",
    "7o": "",
    "7p": "",
    "7q": "",
    "7r": "",
    "7s": "",
    "7t": "",
    "7u": "",
    "7v": "",
    "7w": "",
    "15c": "",
    "7x": "",
    "7y": "",
    "7z": "",
    "R6": "",
    "R4": "",
    "31g, m-n": "",
    "31a-n": "",
    "16a-n": "",
    "avibactam R = H\nrelebactam R =": "",
    "30a,b": "",
    "24a": "",
    "24c": "",
    "30b": "",
    "21b": "",
    "21c": "",
    "2a-2e": "",
    "29a": "",
    "29c": "",
    "6, 7, 8, 9, 10, 11, 12, 13, 14": "",
    "18, 21-23": "",
    "52R3": "",
    "57R3": "",
    "58R3": "",
    "53R3": "",
    "54R3": "",
    "51R3": "",
    "1-60": "",
    "(CH2)9CH3": "",
    "(CH2)8CH3": "",
    "V": "",
    "T353": "",
    "3b": "",
    "3c": "",
    "Mo": "",
    "Amide": "",
    "RAF-265": "",
    "4-Br-Ph": "",
    "4-t-Bu-Ph": "",
    "4-(NH2CH2)-Ph": "",
    "4-(NH2CO)-Ph": "",
    "4-(MeNHCH2)-Ph": "",
    "C11H23": "",
    "NHOH": "",
    "O=C1ONC1=O": "",
    "28c, 28d": "",
    "VII": "",
    "VIII": "",
    "IX": "",
    "8z": "",
    "8aa": "",
    "CBr": "",
    "CCH3": "",
    "MS01": "",
    "MS02": "",
    "MS03": "",
    "11, 12, 15, 16, 18-21": "",
    "22, 23, 26-36": "",
    "13a-13j or 13a'-13j'": "",
    "CF3CH2": "",
    "3-pentane": "",
    "+": "",
    "17a-d": "",
    "18a-d": "",
    "20a-c": "",
    "22e": "",
    "22f": "",
    "23c": "",
    "23d": "",
    "12c": "",
    "12d": "",
    "12e": "",
    "12f": "",
    "4g": "",
    "5f": "",
    "HN": "",
    "16e": "",
    "22e-h,j,l,m": "",
    "23a, e-g": "",
    "24b,c": "",
    "25e-h,j,l,m": "",
    "26a, e-g": "",
    "Ph-": "",
    "artificial structure not found": "",
    "T": "",
    "CH<sub>3</sub>": "",
    "3-ClBn": "",
    "3-CNBn": "",
    "3-OMeBn": "",
    "2-BrBn": "",
    "4-BrBn": "",
    "CH2CH(CH3)2": "",
    "C(O)CH3": "",
    "PhCH2CH2": "",
    "PhCH2CH2CH2": "",
    "PhOCH2CH2": "",
    "PhCH=CHCH2": "",
    "PhCH\u2082CH\u2082CO": "",
    "PhCH\u2082OCO": "",
    "PhCH2NHCO": "",
    "4-Ph-C6H4": "",
    "3-Ph-C6H4": "",
    "2-Ph-C6H4CH2": "",
    "c-C3H,CH2CH2CH2": "",
    "CH3CH2CH2CH2CH2": "",
    "CH3OCO": "",
    "CH3SO2": "",
    "N+": "",
    "CH2F": "",
    "CHF2": "",
    "CH2NMe2": "",
    "3n": "",
    "f2": "",
    "f3": "",
    "f4": "",
    "f5": "",
    "f6": "",
    "f7": "",
    "-SO2Me": "",
    "f8": "",
    "(E)-(4-(ethyl(2-hydroxyethyl)amino)but-2-enoyl": "",
    "(E)-N-(4-morpholinobut-2-enoyl": "",
    "4-nitro": "",
    "2-nitro": "",
    "4-amino": "",
    "2-amino": "",
    "CCC": "",
    "CH(CH3)2": "",
    "pre-defined": "",
    "CH3CO*": "",
    "H2C*": "",
    "14a-c": "",
    "-acryl": "",
    "2 H+ + 2 e-": "",
    "\"cyclopropyl\"": "",
    "OCCH3": "",
    "37, d": "",
    "37, e": "",
    "37, f": "",
    "37, g": "",
    "14,15,16,17,18,19,20,21,22,23,24,25,26,27,28,29": "",
    "-N=N-O-C": "",
    "Cl\nF\nF": "",
    "COOCH3": "",
    "SO2NHCOCH3": "",
    "pyrazole, piperidine, morpholine, piperazine, thiazolidine, azetidine": "",
    "OEt": "",
    "Me, H": "",
    "H, Me": "",
    "CH2OCH3": "",
    "C(CH3)2OH": "",
    "NHiPr": "",
    "Y": "",
    "Cytosine or Uracil": "",
    "CH2OMe": "",
    "C(O)NH2": "",
    "(R)-Et": "",
    "(S)-Et": "",
    "HPO42-": "",
    "c-propyl": "",
    "Me\nMe\nEt": "",
    "Et\nEt": "",
    "N=N-CH3": "",
    "N=N-CH2CH3": "",
    "-(CH2)2-": "",
    "-CH2C(CH3)2CH2-": "",
    "2a-e": "",
    "CONHPr": "",
    "fluorophenyl": "",
    "NH-Cyclopentyl": "",
    "difluorophenyl": "",
    "2,4-difluorophenyl-15N": "",
    "NA": "",
    "CH2Pr": "",
    "C(Me)2CH2OH": "",
    "-CH2C6H5": "",
    "1-Me-1Pr": "",
    "6d: 3-pyridyl\n6f: OiBu\n6g: Br": "",
    "7d: 3-pyridyl\n7f: OiBu\n7g: Br": "",
    "10i: 3-pyridyl\n10j: OiBu\n10k: Br": "",
    "8d: 3-pyridyl\n8f: OiBu\n8g: Br": "",
    "11i: 3-pyridyl\n11j: OiBu\n11k: Br": "",
    "12i: 3-pyridyl\n12j: OiBu\n12k: Br": "",
    "11\"": "",
    "[N]b": "",
    "4c": "",
    "4e": "",
    "4f": "",
    "QB": "",
    "see Supporting Information": "",
    "Cyanine5 derived structure": "",
    "MeO\u2082S": "",
    "EtO\u2082S": "",
    "-N=C=O": "",
    "CONH2\nCOOCH3": "",
    "NNNNCCCCCC": "",
    "CCCCCCCC": "",
    "O(CH2)2CF3": "",
    "O(CH2)3SCH3": "",
    ">": "",
    "18X*": "",
    "(CH2)21CH3": "",
    "(CH2)24CH3": "",
    "CF\u2083": "",
    "OCH\u2083": "",
    "p-C6H4F, CH2OTBS, CH3": "",
    "chemical_formula": "",
    "-CH2CH3": "",
    "-CH2COSCH3": "",
    "-CH2CHCHCOOCH3": "",
    "N\n||\nN": "",
    "c-hex": "",
    "NG": "",
    "Me\nHO\nHN\n~Me": "",
    "Me\nHO\n~Me": "",
    "13, 4a": "",
    "13, 4b": "",
    "13, 4c": "",
    "13, 4d": "",
    "13, 4e": "",
    "S1, S2": "",
    "14a, 15a, 16a, 23a": "",
    "14b, 15b, 16b, 23": "",
    "14, 15, 16": "",
    "22b,22c": "",
    "=CH": "",
    "=N": "",
    "ACP": "",
    "4a-g": "",
    "text-format: OR": "",
    "HATU, 31, DIPEA": "",
    "HCl, MeOH": "",
    "37/d": "",
    "37/e": "",
    "37/f": "",
    "37/g": "",
    "methylpyrazol": "",
    "14, 15, 16, 17, 18, 19, 20, 21, 22, 23, 24, 25, 26, 27, 28, 29": "",
    "10a, n=0\n10b, n=1": "",
    "11a, n=0\n11b, n=1": "",
    "15a, n=0\n15b, n=1": "",
    "16a, n=0\n16b, n=1": "",
    "20a, n=0\n20b, n=1": "",
    "R2": "",
    "4-NO2": "",
    "4-CO2Me": "",
    "3-CN": "",
    "3-OMe": "",
    "-R": "",
    "-SH": "",
    "Ph-Cl": "",
    "CH\u2082CF\u2083": "",
    "CH2CCH": "",
    "CH2CH2CF3": "",
    "6l": "",
    "6n": "",
    "6m": "",
    "32a, COOME": "",
    "CO": "",
    "CO2": "",
    "FCH2CH2-": "",
    "(CH3)2CHCH2-": "",
    "PhCH2-": "",
    "CH3CH2CH2CH2-": "",
    "Br, Cl, H": "",
    "-N<|>": "",
    "O=C(Cl)Cl": "",
    "-CH2CH2NH2": "",
    "-CH2CH2NH2+": "",
    "(CH2)11CH3": "",
    "-O-CH2-Phenyl": "",
    "(CH2)13CH3": "",
    "-O-CH2-O-CH3": "",
    "(CH2)15CH3": "",
    "(CH2)17CH3": "",
    "(CH2)19CH3": "",
    "H or F": "",
    "1-Me-3-pyrazolyl": "",
    "1-Me-5-pyrazolyl": "",
    "HO\\\\~\\\\~OH": "",
    "TBDMS-O": "",
    "-(CH2)12-": "",
    "d\u2083-Me": "",
    "D3C": "",
    "PhCH2CH2CO": "",
    "PhCH2OCO": "",
    "N-Boc": "",
    "-CH(CH3)2": "",
    "NH2.2HCl": "",
    "OCO": "",
    "4-F-Ph": "",
    "4-Me-Ph": "",
    "3-F-Ph": "",
    "3-Me-Ph": "",
    "2-F-Ph": "",
    "2-Me-Ph": "",
    "3-F,4-Me-Ph": "",
    "4-C5H4N": "",
    "~": "",
    "-CF3": "",
    "-CHF2": "",
    "COCH3": "",
    "probe": "",
    "O-N": "",
    "N-NH": "",
    "N-N": "",
    "O-N-O": "",
    "X=OMe": "",
    "X=NHOH": "",
    "CH2CHO": "",
    "7 and 9": "",
    "Me\nHO\nHN\n~~\nMe": "",
    "Me\nHO\n~~\nMe\nN\nO": "",
    "-CH(CH3)C2N2": "",
    "-CH(CH3)C4N2": "",
    "19j: R = (2S)-Ph\n19k: R = (2R)-Ph\n19l: R = (2S)-Me": "",
    "n4": "",
    "O=S=O\n\\N\nH": "",
    "H2N\\N": "",
    "O\n\\N\\N": "",
    "-SAC": "",
    "i-Pr, Me, c-Pr, t-Bu": "",
    "See Table 3": "",
    "CH2NH2": "",
    "CH2-c-Pr": "",
    "p": "",
    "TBDPSO": "",
    "1OH": "",
    "CH\u2082CH\u2082F": "",
    "H2C=C": "",
    "13a-c": "",
    "O2N": "",
    "0, 1": "",
    "6a-h": "",
    "HO-C": "",
    "PO(OMe)2": "",
    "4-chloronaphthyl": "",
    "Cys": "",
    "Cl-C": "",
    "O or NH": "",
    "COOCH\u2083": "",
    "SO\u2082NHCOCH\u2083": "",
    "CH\u2082": "",
    "(CH2)2OH": "",
    "Ile": "",
    "Ile, Ala, Val, His and\nPhe": "",
    "-CH2-CH2-CH3": "",
    "21a-21d": "",
    "22a-22e": "",
    "-CH2Ph": "",
    "-CH2CH2Ph": "",
    "-CH2CH2CH2Ph": "",
    "-CH2CH2CH(OCH3)Ph": "",
    "Not in red box": "",
    "-N<diamond shape>": "",
    "(R)": "",
    "(S)": "",
    "OC(C)C-phenyl": "",
    "OCH\u2082O": "",
    "11'": "",
    "Tr": "",
    "Arg401": "",
    "His274": "",
    "Arg421'": "",
    "Arg1065": "",
    "Arg1085'": "",
    "O-Ph": "",
    "S-Ph": "",
    "HO\nIsomer A": "",
    "(CH2)n": "",
    "-SO2NH2": "",
    "CD3": "",
    "TADS": "",
    "O=S=O": "",
    "-CHO": "",
    "CO\u2082H": "",
    "O=CO": "",
    "CNCCN": "",
    "HO-CH2-": "",
    "HO-CH(CH3)-": "",
    "HO-C(CH3)2-": "",
    "CH3O-CH2-": "",
    "CH3O-CH2-CH2-": "",
    "CH3O-CH2-CH2-CH2-": "",
    "(CH3)2CHO-CH2-": "",
    "FCH2-CH2O-CH2-": "",
    "F2CH-CH2O-CH2-": "",
    "F2CH-S-CH2-": "",
    "Het": "",
    "O=N-N": "",
    "-CH2COOCH3": "",
    "-OCH2CH2-": "",
    "Me\nHO~~Me\nHN": "",
    "Me \nHO~~Me\nMe\"N": "",
    "C-NH": "",
    "O=C-NH": "",
    "CMe": "",
    "Pin, O": "",
    "O=S=O\nHN": "",
    "O\nHN": "",
    "4-Cl-phenyl": "",
    "4-CF3-phenyl": "",
    "-OMe": "",
    "see in Table 2": "",
    "-CH2SAC": "",
    "-CH2SH": "",
    "CC": "",
    "CCCC": "",
    "C1CC1": "",
    "C1CCCCC1": "",
    "CC1(C)CC1": "",
    "CC1CCC1(C)": "",
    "CC#CC": "",
    "CC(C)(C)C": "",
    "-CH2CH2CH3": "",
    "-NHCH2CH3": "",
    "-(CH\u2082)\u2082NH\u2082": "",
    "CH2CH=CH2": "",
    "C(CH3)2CH=CH2": "",
    "CH2C6H5": "",
    "q": "",
    "O=C(O)CCCCCC": "",
    "NC(=O)CCCCCC": "",
    "alkyl, aryl": "",
    "14-28": "",
    "HN-O": "",
    "-CH2OCH3": "",
    "-OCH3": "",
    "HOOC": "",
    "OTBS": "",
    "CH(CH3)CH2CH3": "",
    "B(OH)\u2082": "",
    "CH2CH2COOH": "",
    "CH=N-N": "",
    "3-chlorphenyl": "",
    "(CH2)3COOH": "",
    "(CH2)3CH3": "",
    "t-Bu": "",
    "HO\nHO....\nNH\nHO\n\u039f\nOH\nOH\nCOO-": "",
    "4o2N": "",
    "COHN": "",
    "NH2CH2C(CH3)2CH2": "",
    "O'Bu": "",
    "NAc": "",
    "NCO2Me": "",
    "-O-P(=O)([O-])[O-]": "",
    "C4H7": "",
    "C7H7": "",
    "C6H2Cl3": "",
    "C7H7O": "",
    "C6H3N2O4": "",
    "C8H7": "",
    "C8H4ClS": "",
    "C8H3Cl2S": "",
    "CH2CH2NH2": "",
    "CH2CH2C(O)NH2": "",
    "CF3COO-, H3N+": "",
    "17, CF3COO-": "",
    "text-format: any group": "",
    "text-format: pyrazole, piperidine, morpholine, piperazine, thiazolidine, azetidine": "",
    "text-format: Me": "",
    "text-format: H": "",
    "BpO": "",
    "text-format: acid chloride or carboxylic acid": "",
    "C6H4": "",
    "CH2CH2OCH3": "",
    "C6H4OH": "",
    "C6H4SH": "",
    "Ome": "",
    "N\u2073-Me-Uracil": "",
    "(CH2)2-NMe2": "",
    "(CH2)2-NEt2": "",
    "optimally 3-indolyl or 2-naphthyl": "",
    "(CH2)2-morpholin-1-yl": "",
    "(CH2)2-N-methylpiperazin-1-yl": "",
    "(CH2)2-piperidin-1-yl": "",
    "(CH2)2-pyrrolidin-1-yl": "",
    "(CH2)3-NMe2": "",
    "(CH2)3-NEt2": "",
    "(CH2)3-morpholin-1-yl": "",
    "(CH2)3-N-methylpiperazin-1-yl": "",
    "(CH2)3-piperidin-1-yl": "",
    "(CH2)3-pyrrolidin-1-yl": "",
    "20: R = CH2OMe": "",
    "24: R = CH2F": "",
    "25: R = CHF2": "",
    "26: R = CONMe2": "",
    "6A": "",
    "6E": "",
    "6D": "",
    "10A": "",
    "7B-14B": "",
    "O=S(=O)N": "",
    "O=S(=O)OH": "",
    "SH": "",
    "MPA": "",
    "SA": "",
    "32a": "",
    "32b": "",
    "Aryl": "",
    "text-format": "",
    "OBn": "",
    "text": "",
    "CC(=O)c1ccccc1F": "",
    "H2N-R": "",
    "c1ccccc1": "",
    "-N<binary data, 1 bytes><binary data, 1 bytes><binary data, 1 bytes>": "",
    "f9": "",
    "O=C1CCCCC1": "",
    "DPLG2": "",
    "Cl, Br": "",
    "NH-Phenyl": "",
    "9a-h": "",
    "SCoA": "",
    "C=C": "",
    "O=C-Ph": "",
    "-Ph": "",
    "O=S-Ph": "",
    "Boc or Cbz": "",
    "NHEt": "",
    "NHCH2-cPr": "",
    "NH(CH2)2OH": "",
    "morpholine derivative (M\u2081-H)": "",
    "Text-format: -NH-R'": "",
    "Text-format: -R": "",
    "Text-format: -N-R'": "",
    "d3-Me": "",
    "CH3 or CD3": "",
    "-(CH2)3-OH": "",
    "-CH2CH2OH": "",
    "-CH2CONH2": "",
    "-CH2OH": "",
    "-CONH2": "",
    "-CH(Me)CO2H": "",
    "-CO2H": "",
    "-CH2CO2H": "",
    "-C(=O)H": "",
    "P-42": "",
    "CH2C(CH3)3": "",
    "M-42": "",
    "O=CCH3": "",
    "SO2CF3": "",
    "S, O, NH": "",
    "HO\nOH": "",
    "O\nF\nF": "",
    "F\nS\nF": "",
    "S\nF\nF": "",
    "(CH2)3-OH": "",
    "[0]": "",
    "1a": "",
    "C\u2261N": "",
    "COCH\u2083": "",
    "SO\u2082NH\u2082": "",
    "-OCOCH2OP(=O)(O-)O-": "",
    "N\nN": "",
    "C-NH2": "",
    "N=CH": "",
    "NHOTHP": "",
    "CF3-S": "",
    "OH OH OH": "",
    "49, 50, 51, 52, 53, 54": "",
    "C=CH": "",
    "Me\nHO~~Me\nMe*N": "",
    "N~N\\\\N~N": "",
    "H2N\nN": "",
    "Table 1": "",
    "Me, i-Pr, c-Pr, t-Bu": "",
    "text-format: H, Me, Cl, Br": "",
    "-SAc": "",
    "HCOOH": "",
    "-CH2NH2": "",
    "-CH2-c-Pr": "",
    "E3 ligase ligands": "",
    "51H": "",
    "N-methyl-CH2CH2OCH3": "",
    "Ser-Ala-OH": "",
    "OPh": "",
    "CCC(C)C": "",
    "CCC(C)OH": "",
    "CCC(C)F": "",
    "CCCOC": "",
    "H\u2083C": "",
    "CC(O)C": "",
    "CC(F)(F)F": "",
    "CCO": "",
    "20a-f": "",
    "Ad": "",
    "O=C(F)F": "",
    "O=C(O)C": "",
    "COC": "",
    "c1ccc(Cl)cc1": "",
    "c1cc(Cl)ccc1Cl": "",
    "CC=C": "",
    "c1ccc(Cl)c(Cl)c1": "",
    "AMP": "",
    "c1ccncc1": "",
    "c1ccc(C)cc1": "",
    "c1ccc(OC)cc1": "",
    "c1ccc(F)cc1": "",
    "c1ccc(Br)cc1": "",
    "c1ccc([N+](=O)[O-])cc1": "",
    "c1ccc(C(F)(F)F)cc1": "",
    "c1cccc(C(F)(F)F)c1": "",
    "c1cc(C(F)(F)F)ccc1": "",
    "'Bu": "",
    "C(=O)NMe(OMe)": "",
    "C(=O)H": "",
    "(S)-Boc-piperidine": "",
    "(S)-Boc piperidine": "",
    "(R)-Boc-piperidine": "",
    "Trans-2-cyclohexylacetonitrile": "",
    "COOR'": "",
    "CH3C=O": "",
    "5-cPr": "",
    "4-F-5-cPr": "",
    "5-OCF3": "",
    "5-SF5": "",
    "F\n| \nF-S-F\n| \nF": "",
    "O\n||\nS\n||\nO": "",
    "Cc1ccc(NC(=O)Cc2ccccc2)cc1": "",
    "Cc1ccc(NC(=O)Cc2ccc(F)cc2)cc1": "",
    "c1cccnc1": "",
    "c1cncnc1": "",
    "c1cc[nH]c1": "",
    "c1cc[nH]n1": "",
    "C(O)Me (S)": "",
    "-C": "",
    "-N": "",
    "n=0 or n=1": "",
    "n=0": "",
    "ClF": "",
    "ClCC": "",
    "ClCF": "",
    "3a": "",
    "(CH2)4-N": "",
    "2-heptyl-3-hydroxy": "",
    "R or S": "",
    "-CO-R": "",
    "-[linker]-COOCH3": "",
    "-[linker]-COOH": "",
    "DMB": "",
    "ADP": "",
    "CH\u2082OH": "",
    "CH\u2082OMe": "",
    "CH\u2082F": "",
    "CHF\u2082": "",
    "CONH\u2082": "",
    "CONMe\u2082": "",
    "CCC(C)CC": "",
    "20c": "",
    "CCCCNC(=O)": "",
    "CCCCO": "",
    "CCCCOC(=O)": "",
    "21d": "",
    "7-14": "",
    "CC#N": "",
    "2-COOMe": "",
    "3-COOMe": "",
    "4-COOMe": "",
    "2-CH2COOMe": "",
    "2-CH2CH2COOMe": "",
    "2-CN": "",
    "2-tetrazol": "",
    "CH3CH2CH2": "",
    "CH3CH2": "",
    "CC(=O)c1ccccc1": "",
    "-CH2CH2CH2-": "",
    "O=C-N(Ph)OH": "",
    "O=C-N(Ph)OPh": "",
    "2'-deoxyribose-5'-phosphate": "",
    "-cyclopropyl": "",
    "-cyclobutyl": "",
    "-cyclopentyl": "",
    "O=CN": "",
    "TMA": "",
    "55a-g": "",
    "-CH\u2082CONH\u2082": "",
    "SO\u2082": "",
    "N(Me)": "",
    "crotonitrile": "",
    "-CH\u2082CH\u2082OH": "",
    "N+, S=O": "",
    "[2]": "",
    "CH2-Ph": "",
    "OCOCH2OP(=O)(O-)O-": "",
    "13a-131": "",
    "CH2Ph": "",
    "CH2COOEt": "",
    "14m": "",
    "-CH(CH3)": "",
    "C2H4": "",
    "C3H6": "",
    "CH2CHMe": "",
    "CHMeCH2": "",
    "(2S)-Ph": "",
    "(2R)-Ph": "",
    "(2S)-Me": "",
    "N~N": "",
    "Me\nHO\nHN~~Me": "",
    "Me'\nO\n~~\nHO\nMe\nHN~~Me": "",
    "ART": "",
    "C, N": "",
    "CH2SAC": "",
    "SAC": "",
    "CH2SH": "",
    "CC(C)": "",
    "p-NO2": "",
    "o-NO2": "",
    "p-NH2": "",
    "o-NH2": "",
    "p-SO2Me": "",
    "p-SO2Et": "",
    "CC1CC(C)(C)CC1": "",
    "4-F": "",
    "CC(C)(C)": "",
    "2-Me": "",
    "O=CNH": "",
    "-CH=CH2": "",
    "text-format, -phenyl": "",
    "text-format, -OH": "",
    "CCC(O)C": "",
    "CCCCF": "",
    "CCCCOC": "",
    "CCOC": "",
    "C=CC(C)C": "",
    "adamantyl": "",
    "N\nO": "",
    "X = NH2, Y = H": "",
    "X = OH, Y = H": "",
    "X = OH, Y = NH2": "",
    "21a-f": "",
    "(C=O)H": "",
    "CH2C6H4-p-OH": "",
    "*-CH2O-": "",
    "CH2N(Me)CHO": "",
    "*-OCH2-": "",
    "-B(OH)2": "",
    "-CH2-B(OH)2": "",
    "CbzNH": "",
    "H3CO-*": "",
    "H2C-*": "",
    "CH\u2082CHF\u2082": "",
    "(CH2)nCH3": "",
    "Sugar": "",
    "SR": "",
    "See Table 2": "",
    "OCH2Ph": "",
    "CH(OH)Ph": "",
    "F or H": "",
    "Me or NMe2": "",
    "OH or NHSO2NMe2": "",
    "CH3, Bn": "",
    "H or cyclopropyl": "",
    "CC(=O)N(C)C": "",
    "OP(=O)([O-])[O-]": "",
    "OP(=O)(O)O": "",
    "11g": "",
    "11d": "",
    "11e": "",
    "11f": "",
    "-OPP": "",
    "(1S,2S)-cyclopropanecarboxylic acid": "",
    "N3CH2-pyrrolidine": "",
    "2-OMe": "",
    "2-CF3": "",
    "2-Me;4-F": "",
    "2-Me;6-Me": "",
    "C(=O)O": "",
    "CH2C(=O)O": "",
    "C(=O)OH": "",
    "CH2C(=O)NH-tosyl": "",
    "C(O)Me": "",
    "C(O)OMe": "",
    "C(O)NHMe": "",
    "SO\u2082Me": "",
    "C(O)CH\u2082-iPr": "",
    "C(O)CH\u2082C(OH)Me\u2082": "",
    "C(O)Ph": "",
    "C(O)CH\u2082Ph": "",
    "C(O)(CH\u2082)\u2082Ph": "",
    "-SR": "",
    "C(O)CH\u2082-2-pyridyl": "",
    "C(O)CH\u2082-2-pyridazyl": "",
    "C(O)CH\u2082-3-pyridazyl": "",
    "C(O)CH\u2082-3-pyrimidyl": "",
    "Unspecified": "",
    "H2N-": "",
    "CH3CH2NH-": "",
    "C3H6NH-": "",
    "C3H5NH-": "",
    "C3H5N2": "",
    "C4H5N3": "",
    "(CH2)3N3": "",
    "C4H5NO2": "",
    "(CH2)6N3": "",
    "C4H3N2O": "",
    "1a, 1b, 1c, 1d": "",
    "C(O)CH2Ph": "",
    "t-butyl-2-ol": "",
    "t-butyl-2-amine": "",
    "3-tetrahydrofuran": "",
    "4-N-phenylpiperidine": "",
    "4-N-acetylpiperidine (racemate)": "",
    "4-N-acetylpiperidine (S-enantiomer)": "",
    "[CH2-CH2-NH-]": "",
    "N-(2-Methyl)Pyrrolidinyl": "",
    "not provided": "",
    "CH2CH2NHC(O)CH3": "",
    "B(pin)": "",
    "H or other substituents as described in the text": "",
    "O(CH2)4-N-[Q]m-[P]m-CO2H": "",
    "chemical_structure_19_R": "",
    "chemical_structure_21_R": "",
    "chemical_structure_23_R": "",
    "chemical_structure_25_R": "",
    "(CH2)n-COOH or other proteinogenic amino acid side chain": "",
    "Ile, Ala, Val, His, Phe": "",
    "3-(NH2-CH2)-Bn": "",
    "3-CI-Bn": "",
    "Me or H": "",
    "HOR or ClR": "",
    "N\u00b3-Me-Uracil": "",
    "NO\u2082/NH\u2082": "",
    "ClF2C-Phenyl": "",
    "Xa-b": "",
    "Ura": "",
    "Ade": "",
    "S(CH2)CO2H": "",
    "NH(C=NH)NHOH": "",
    "1, 2": "",
    "Linker - COOMe or Linker-COOH": "",
    "COOH, C(O)NH2, or tetrazole": "",
    "variable (from Tables 1 and 2)": "",
    "THP": "",
    "CH=CHSO2F": "",
    "CH2CH2SO2F": "",
    "(CH2)3SO2F": "",
    "CH2CHCH2SO2F": "",
    "(C=O)R": "",
    "CH\u2082Ph": "",
    "-B(OH)\u2082": "",
    "-CH\u2082-B(OH)\u2082": "",
    "Generic R": "",
    "(i) varies": "",
    "CH\u2082COOH": "",
    "CH(CH\u2083)COOH": "",
    "-N+": "",
    "-C\u2261C-Ph": "",
    "CH2CO*": "",
    "CH2OPh": "",
    "3-OH-C\u2081\u2080-ACP": "",
    "3-OH-C\u2081\u2082-ACP": "",
    "C(F)(F)S(F)(F)(F)": "",
    "O=S(=O)C": "",
    "SEM": "",
    "-(CH2)2OH": "",
    "-(CH2)3OH": "",
    "CO2R2": "",
    "-C(=O)CHS": "",
    "-C(=O)CH2Ph": "",
    "-C(=O)CH2-(2-furyl)": "",
    "-C(=O)CH2-(2-thienyl)": "",
    "OtBu": "",
    "-SO3H": "",
    "Cl or C(F)4 or 1,2,3-triazolo[4,5-b]pyridine or 5,6,7,8-tetrahydro-[1,2,4]triazolo[1,5-a]pyridine": "",
    "SO3-": "",
    "3-benzoic acid": "",
    "2-(1S,2S)-cyclopropanecarboxylic acid": "",
    "OP(=O)([O-])O": "",
    "-Cl": "",
    "-NAc": "",
    "-NCO2Me": "",
    "a pipecolic ester derivative (explicit structure not shown in red box but visible in Scheme 4)": "",
    "a pipecolic ester derivative with two hydroxyl groups (explicit structure not shown in red box but visible in Scheme 4)": "",
    "1b: -CH\u2082CH\u2082NHC(O)CH\u2083\n1c: -CH\u2082CH\u2083": "",
    "hydrogen or alkyl": "",
    "alkyl or aryl": "",
    "N-methyl": "",
    "N-phenyl": "",
    "N-benzyl": "",
    "ClF2C6H2": "",
    "CH2CHCH2": "",
    "NC-c1cnn[nH]1": "",
    "S-c1ncs1": "",
    "Cc1ccn[nH]1": "",
    "CCc1cn[nH]1": "",
    "CCCCc1cn[nH]1": "",
    "COc1ccccc1": "",
    "Fc1ccccc1CC": "",
    "C(O)CH2-iPr": "",
    "C(O)CH2C(OH)Me2": "",
    "C(O)(CH2)2Ph": "",
    "C(O)CH2-2-pyridyl": "",
    "C(O)CH2-2-pyridazyl": "",
    "C(O)CH2-3-pyridazyl": "",
    "C(O)CH2-3-pyrimidyl": "",
    "C(O)Me (R)": "",
    "C(O)CH<sub>2</sub>Ph": "",
    "avibactam: H\nrelebactam: five-membered cyclic amine": "",
    "MeOCH2CH2NC": "",
    "Enzyme": "",
    "66 4-thiazole (*S-enantiomer)": "",
    "N-Pyrrolidine": "",
    "CH2-2-pyridyl": "",
    "O(CH2)4-NH2": "",
    "O(CH2)4-NN-[Q] [P]m-CO\u2082H": "",
    "Side chain of a proteinogenic amino acid": "",
    "CH2CH2CH2CH2CH2CH2CH3": "",
    "variable": "",
    "3,5-Cl\u2082": "",
    "3,5-F\u2082": "",
    "-(CH2)4CH3": "",
    "-(CH2)2CH3": "",
    "-(CH2)3CH3": "",
    "-(CH2)2-C(=O)NH-(CH2)4CH3": "",
    "-CH2-C(=O)NH-(CH2)3CH3": "",
    "CH(CH3)CH2I": "",
    "NH-NH-OH": "",
    "6-On-Bu": "",
    "6-Oi-Bu": "",
    "6-OBn": "",
    "5-OBn": "",
    "OH OH": "",
    "Generic R1": "",
    "CH<sub>2</sub>CF<sub>3</sub>": "",
    "n-Bu": "",
    "2-amino-4-oxo-4,7-dihydro-pyrrolo[2,3-d]pyrimidin-methyl": "",
    "NBoc": "",
    "HO-PO3--": "",
    "-S-": "",
    "C2H5": "",
    "C4H9": "",
    "p-SO2NH2-C6H4": "",
    "p-SO2NH2-C6H3-2-CH3": "",
    "p-SO2NH2-C6H3-3-CH3": "",
    "p-SO2NH2-C6H3-4-CH3": "",
    "p-SO2NH2-C10H6": "",
    "3-OH-C14-ACP": "",
    "g, h, i, l, m": "",
    "n, o": "",
    "OH, Cl": "",
    "OH, OTs": "",
    "COOME": "",
    "30a-31a": "",
    "30b, 31b": "",
    "HN\n\\\nHN\n|\nO\n||\nCN": "",
    "HN\n\\\nHN\n|\nO\n||\nCl": "",
    "HN\n\\\nHN\n|\nO\n||\nNH2": "",
    "HN\n\\\nHN\n|\nO\n||\nF": "",
    "-SO3-": "",
    "21e": "",
    "21f": "",
    "-N(CH3)2": "",
    "-N(CH3)CH2CH2OCH3": "",
    "-N(CH3)CH2CH2CH2OCH3": "",
    "-NHCH2CH2OCH3": "",
    "-NHCH2CH2CH2OCH3": "",
    "a = pyrrolidin-1-yl\nb = piperidin-1-yl\nc = morpholin-1-yl\nd = N-methyl piperazin-1-yl\ne = N-isopropyl piperazin-1-yl": "",
    "a = pyrrolidin-1-yl\nb = piperidin-1-yl": "",
    "N=C-CH2-O-": "",
    "N=C-NH-": "",
    "H2N-C(=NH)-NH-": "",
    "N=C-CH2-": "",
    "N#C-CH2-": "",
    "10F3": "",
    "O\u207b": "",
    "CH2-Phenyl": "",
    "*": "",
    "3-OH-C<sub>10</sub>-ACP": "",
    "3-OH-C<sub>12</sub>-ACP": "",
    "CH2NHC(=O)NH2": "",
    "H3CO*": "",
    "CH3OCH2CH2": "",
    "-N<sup>+</sup>": "",
    "-C\u2261C-phenyl": "",
    "acetylspermidine": "",
    "c1ccccc1CO": "",
    "c1ccccc1CH2O": "",
    "12d without protecting groups": "",
    "Generic R group": "",
    "CH2C(=O)": "",
    "OaMan": "",
    "SO2CH3": "",
    "CH2-pyridine": "",
    "-COO-": "",
    "-C\u2261CH": "",
    "-CH2-c-C3H3N2": "",
    "-COCH3": "",
    "(n = 1)": "",
    "(n = 3)": "",
    "(n)": "",
    "chemical expression (not in red box)": "",
    "4-chlorophenyl or 4-trifluoromethylphenyl": "",
    "CH or N": "",
    "4-chlorophenyl, 4-trifluoromethylphenyl, or 3,4,5-trifluorophenyl": "",
    "-CN": "",
    "ClF2-benzoxazole": "",
    "diCl-propyl": "",
    "ClF2-propyl": "",
    "3,4-Dicholorophenyl": "",
    "avibactam R=H\nrelebactam R=": "",
    "H\u207b": "",
    "37 or 33": "",
    "H or any group in Table 1": "",
    "O(CH2)2OH": "",
    "6-Br": "",
    "4-Br": "",
    "3-Br": "",
    "6-CF3": "",
    "Variable (from Tables 1 and 2)": "",
    "3,5-Cl<sub>2</sub>": "",
    "3,5-F<sub>2</sub>": "",
    "-CH(CH3)CH2CH3": "",
    "R\u00b9": "",
    "R\u00b3": "",
    "O\u207bPO\u2083\u00b2\u207b": "",
    "(Br, I)": "",
    "chemical expression": "",
    "generic R1": "",
    "20: CH2OMe": "",
    "24: CH2F": "",
    "25: CHF2": "",
    "26: CONMe2": "",
    "(Unspecified)": "",
    "Mal": "",
    "2-methoxyethanamino": "",
    "3-methoxypropanamino": "",
    "-O-CH2-phenyl": "",
    "CH2-c-C3H5": "",
    "S(=O)(=O)CF3": "",
    "H (1)": "",
    "NH\u2082 (6)": "",
    "OH (12)": "",
    "OMe (10)": "",
    "OTs": "",
    "pyridin-3-yl, pyridin-4-yl, quinolin-4-yl": "",
    "15-26": "",
    "4-14": "",
    "OC(C)c1ccc(C)cc1": "",
    "CC(=N)N": "",
    "CCN": "",
    "NHC(=O)": "",
    "cis-NHCH2CH2NHC(=O)": "",
    "NHCH2CH2NHC(=O)": "",
    "cis-NHCH2CH2NH": "",
    "NHCH2CH2NH": "",
    "CH2NH": "",
    "CH2CH2NH": "",
    "CH(OH)CH2NH": "",
    "Zymosterol or Zymostenol": "",
    "Dehydrolathosterol or Lathosterol": "",
    "O=C-C(C)(C)-C": "",
    "Cl or CN": "",
    "C(F)(F)C(=O)O": "",
    "CC(=O)O": "",
    "morpholine derivative": "",
    "14d": "",
    "14e": "",
    "CONHR'": "",
    "M\u2080": "",
    "M\u2081": "",
    "M\u2082": "",
    "M\u2083": "",
    "M\u2084": "",
    "M\u2085": "",
    "M\u2086": "",
    "M\u2087": "",
    "12a": "",
    "13e": "",
    "13f": "",
    "13g": "",
    "13h": "",
    "34b": "",
    "34c": "",
    "34d": "",
    "34e": "",
    "34f": "",
    "[N]<sup>b</sup>": "",
    "CH3NH": "",
    "CH3CH2NH": "",
    "C3H5NH": "",
    "(CH3)2N": "",
    "N-Ph": "",
    "Aryl group (not explicitly indexed)": "",
    "(CH2)6": "",
    "(CH2)8": "",
    "(CH2)10": "",
    "(CH2)12": "",
    "2 or 3": "",
    "HOCH2CHCH3": "",
    "HOCH2CHOHCH3": "",
    "-CH2OPG": "",
    "(CH3)2C=O": "",
    "-NHCH3": "",
    "<sup>t</sup>Bu": "",
    "<sup>i</sup>Pr": "",
    "CO2Et": "",
    "(1-hydroxy-2,2,2-trifluoroethyl)pyridine": "",
    "(1-hydroxyethyl)pyridine": "",
    "- (CH2)3-OH": "",
    "S-CoA": "",
    "CC(=O)c1ccc(F)cc1F": "",
    "Cc1ccncc1": "",
    "s001": "",
    "s002": "",
    "s003": "",
    "s004": "",
    "s005": "",
    "s006": "",
    "s007": "",
    "s008": "",
    "s009": "",
    "s010": "",
    "s011": "",
    "4-(1-Me-tetrazol-5-yl)phenyl": "",
    "4-(2-Me-tetrazol-5-yl)phenyl": "",
    "4-sulfonamidephenyl": "",
    "CoA-S": "",
    "ppant-S": "",
    "CoA-O": "",
    "CoA-N": "",
    "Alcohol groups (various examples shown in Table 3)": "",
    "-O": "",
    "1,1-dimethyltetrahydropyran": "",
    "C2H4OH": "",
    "CH<sub>3</sub> or CD<sub>3</sub>": "",
    "CH(CH3)OH": "",
    "C3H6OH": "",
    "C4H8OH": "",
    "C5H10OH": "",
    "C3H6-c-C3H5O": "",
    "C3H6OCH2CF3": "",
    "CH2SCF3": "",
    "RNA": "",
    "(CH2)3OH": "",
    "TBSO": "",
    "MMAE": "",
    "S=O": "",
    "H or specified R group": "",
    "PMB": "",
    "C\u2081\u2081H\u2082\u2083": "",
    "NH2-N=N-C=N-NH2": "",
    "H-N=N-NH2": "",
    "O-N\n~": "",
    "O-N\n||": "",
    "N-NH\n~": "",
    "N\n||\nN\n~": "",
    "O-N\n|\nHO\n~": "",
    "O=C(NHC(C)C)C(N)O": "",
    "C1CC1(O)H": "",
    "C1CN(CCO)C1": "",
    "C1CN(CC(=O)NC(C)C(N)O)C1": "",
    "C1CN(CCN)C1": "",
    "chemical_structure": "",
    "(2-fluoro)-4-tetrahydropyran": "",
    "(2-methoxy)-4-tetrahydropyran": "",
    "(4-deutero)-4-tetrahydropyran": "",
    "2-quinoline": "",
    "2-quinoxaline": "",
    "2-quinazoline": "",
    "2-benzimidazole": "",
    "1-methyl-2-benzimidazole": "",
    "OCH2CH2": "",
    "-CH(COOH)-CH2-NH2": "",
    "N-pyrrolidine": "",
    "R\u00b2": "",
    "Arg350": "",
    "II": "",
    "III": "",
    "IV": "",
    "VI": "",
    "-SO2(m-chlorophenyl)": "",
    "CH2C(Me)(OH)2": "",
    "CH2C(Me)2O": "",
    "OH or H": "",
    "HO(CH2)4O": "",
    "ClCH2CH2NH(CH2)4O": "",
    "ClCH2CH2NH(CH2)5O": "",
    "ClCH2CH2NH(CH2)6O": "",
    "ClCH2CH2NH(CH2)7O": "",
    "HOCH2(C=O)NHCH2CH(OH)CH2O": "",
    "HOCH2CH(OH)CH2NHC(=O)CH(N)CH2CH2O": "",
    "n-propyl-1H-1,2,3-triazole": "",
    "2-methylpropyl-1H-1,2,3-triazole": "",
    "methyl-1H-1,2,3-triazole": "",
    "HS": "",
    "HOCH2CH2NH": "",
    "(CH3)2CHCH2NH": "",
    "C(CH3)3": "",
    "CH2CHCHC(CH3)CH2OH": "",
    "15g": "",
    "CH2CH2CONH2": "",
    "2-NO2": "",
    "4-NH2": "",
    "2-NH2": "",
    "CH3CH2SO2": "",
    "O=S=O\n  |\nHN": "",
    "H2N\n |\nN": "",
    "CF\u2083CH\u2082": "",
    "O\n||\nHN": "",
    "O\n||\nHN\n|": "",
    "chemical expression (various substituents on the phenyl ring)": "",
    "25 or 27": "",
    "-CH2CH(OH)CH2NH2": "",
    "nPr": "",
    "nBu": "",
    "C(CH3)2CH2": "",
    "C(CH3)2(CH2)2": "",
    "OMs": "",
    "OCF<sub>3</sub>": "",
    "CF<sub>3</sub>": "",
    "(CH2)3CO-": "",
    "NH2 or H": "",
    "-CH2-O-CH2-NH2": "",
    "H or 50": "",
    "Ser-Ala-O": "",
    "-CH2NHCH3": "",
    "OSO2NH2": "",
    "(CH2)2CH3": "",
    "N~": "",
    "(CH2)5CH3": "",
    "CH(CH2)2": "",
    "CH(CH2)3": "",
    "CH(CH2)4": "",
    "CH(CH2)5": "",
    "p-BrPh": "",
    "p-MeOPh": "",
    "4-CH3(CH2)3Ph": "",
    "4-CH3(CH2)9Ph": "",
    "(C=O)CC": "",
    "N-C(=O)-C2CC2": "",
    "N-C(=O)-C2CC2-O": "",
    "N-C(=O)-C2(C)CC2": "",
    "N-C(=O)C2CC2": "",
    "N-C2CC2": "",
    "c1ccc(Cl)c(C)c1": "",
    "c1ccc(Cl)cc1C=O": "",
    "c1ccc(I)cc1": "",
    "CH2CH=C(CH3)2": "",
    "n/a": "",
    "(R)-8-Fluorochromane": "",
    "Not provided in image or table": "",
    "Cl or H": "",
    "(S)-Boc-piperidine, (R)-Boc-piperidine, or Trans-2-cyclohexylacetonitrile": "",
    "generic": "",
    "3-OH-C10-ACP": "",
    "CH2CH2CHO": "",
    "Ph-O": "",
    "O=S(=O)(C)C": "",
    "SO2CH2CH3": "",
    "CH=CHCH2": "",
    "ester": "",
    "PhO": "",
    "CC(C)N.S(=O)(=O)c1ccc(B(O)O)cc1": "",
    "(1R,2R)-2-methylcyclopropyl]methanol": "",
    "CC12CC(O1)C(O)C2": "",
    "-CH2NH-": "",
    "sugar": "",
    "Se": "",
    "N~*": "",
    "N+(CH3)3O-": "",
    "NaO3S": "",
    "PO4H2": "",
    "Pho": "",
    "6o": "",
    "COO-tBu": "",
    "C#C-C(=O)O": "",
    "CH2CONH2": "",
    "Generic R2": "",
    "Generic R3": "",
    "O=S(=O)([O-])C": "",
    "CF3COO": "",
    "O=CR1": "",
    "C=CR1": "",
    "O(CH2)4-N": "",
    "NH2CH2C(=O)c1ccccc1": "",
    "O/NH": "",
    "O=C-CH2-phenyl": "",
    "O=C-CH2-2-furyl": "",
    "F-C(=O)O": "",
    "-CH2C(=O)NH2": "",
    "NHS(=O)2-phenyl": "",
    "4-NO\u2082": "",
    "4-CO\u2082Me": "",
    "(CH2)2-NET2": "",
    "N~|~": "",
    "(CH2)3-NET2": "",
    "Cl or Me": "",
    "a) 4-methoxyphenyl\nb) 3-methoxyphenyl\nc) phenyl\nd) 2-cyanophenyl\ne) 2-carbamoylphenyl\nf) pyridin-2-yl": "",
    "c) phenyl\nf) pyridin-2-yl": "",
    "a) 4-methoxyphenyl\nb) 3-methoxyphenyl\nc) phenyl": "",
    "d) 2-cyanophenyl": "",
    "Et3SiH, TFA": "",
    "TFA, DCM\nWagner-Meerwein\nrearrangement": "",
    "(S)-CH(CH3)C(=O)O": "",
    "His126": "",
    "Glu186": "",
    "Thr246": "",
    "NC-O-P(=N)-": "",
    "-(P-P-P-P)-4": "",
    "P(=O)(-O)(-O)-O-P(=O)(-O)-O-": "",
    "P(=O)(-O)-O-P(=O)(-O)-O-P(=O)(-O)-O-": "",
    "-C(=O)NH-phenyl": "",
    "-N-phenyl-c1ccccc1": "",
    "-N-N-phenyl": "",
    "morpholin-1-yl": "",
    "N-methyl piperazin-1-yl": "",
    "N-isopropyl piperazin-1-yl": "",
    "78a": "",
    "78b": "",
    "78c": "",
    "78d": "",
    "MeO2C-[linker]": "",
    "CCCCCC": "",
    "nBuTe": "",
    "Fmoc-Cys(2,4-hexadiene)-OH": "",
    "R/Ar": "",
    "NH-hexyl chain": "",
    "C6H5": "",
    "C6H4Cl": "",
    "C8H9": "",
    "aryl": "",
    "Me\nEt": "",
    "Me\nMe": "",
    "O(CH2)2CH3": "",
    "OCCCCC(C)C": "",
    "OCCCCCCCC(C)C": "",
    "HCO": "",
    "ClS(=O)O": "",
    "ClC1=CC=C(C(F)(F)F)C=C1N": "",
    "generic R-group": "",
    "COR": "",
    "methylphenyl": "",
    "Zymosterol": "",
    "Zymostenol": "",
    "Dehydrolathosterol": "",
    "Lathosterol": "",
    "A19": "",
    "CHMe\u2082": "",
    "10l": "",
    "10j": "",
    "8d": "",
    "8f": "",
    "11i": "",
    "11j": "",
    "12i": "",
    "12j": "",
    "2-F ethyl": "",
    "NC": "",
    "c1ccc(NC)cc1": "",
    "c1ccncc1NC": "",
    "c1cc[nH]c1NC": "",
    "O-S": "",
    "O-NH": "",
    "NHR": "",
    "Me2N": "",
    "CC(O)C(F)(F)F": "",
    "CC(N)=O": "",
    "CC(NC)=O": "",
    "O=C(O)Ph": "",
    "O=S(=O)Ph": "",
    "O=C1C=C(N-Ph)N1=O": "",
    "N=C(N)N-Ph": "",
    "-Ar": "",
    "N=NCH3": "",
    "CH2CH2OH": "",
    "(CH2)4OH": "",
    "CH2CH(OH)C6H5": "",
    "(CH2)4OCH3": "",
    "(CH2)6OH": "",
    "c-C5H9CH2CH2CH2": "",
    "OMEM": "",
    "2-Me-tetrazol-5-yl": "",
    "-SCoA": "",
    "methyl, COOH": "",
    "methyl, N-methyl, COOH": "",
    "CoAR": "",
    "(CH3)2CH": "",
    "chemical_structure_not_in_red_box": "",
    "Cc1ccccc1": "",
    "Cc1ccc(F)cc1": "",
    "c1ccc(O)cc1": "",
    "O-CH2-CH2-OH": "",
    "O-CH2-CH(OH)-CH3": "",
    "O-CH(CH3)-CH2-OH": "",
    "O-CH2-C(CH3)2-OH": "",
    "O-(cyclopropylmethyl)": "",
    "O-(oxetan-3-ylmethyl)": "",
    "O-(tetrahydrofuran-3-ylmethyl)": "",
    "O-(oxolan-3-ylmethyl)": "",
    "O-(1-methylcyclopropylmethyl)": "",
    "O-CH2-CHF-CF3": "",
    "O-CH2-CF2-CHF2": "",
    "S-CH2-CF2-CHF2": "",
    "H, 6b (3), probe (4)": "",
    "benzyl-O": "",
    "4-fluoro-benzyl-O": "",
    "COCH2": "",
    "R5": "",
    "C(Me)=NMe": "",
    "13a-13l": "",
    "-O-C(=O)-F": "",
    "45749424-45749424": "",
    "45749424-45749425": "",
    "45749424-45749426": "",
    "45749424-45749427": "",
    "CCS(=O)(=O)C": "",
    "c-hex or Ph": "",
    "-C(CH3)(NH)C#N": "",
    "-CH2-c1cnn[nH]1": "",
    "-CH2-c1cncn1": "",
    "-CH2-c1ncc[nH]1": "",
    "-C5H9": "",
    "(CH3)2C(OH)": "",
    "2-quinoxalin": "",
    "2-quinazolin": "",
    "2-benzimidazol": "",
    "O-N~C(C)~C": "",
    "O-N~C(C)~": "",
    "N~NH~C(C)~C": "",
    "N~N=C~C(C)~": "",
    "O=C~NH~C(C~)~O-N~C(C)~": "",
    "-CH2CH2N(CH3)2": "",
    "-CH2CH2N": "",
    "-CH2CH2O": "",
    "TBS": "",
    "HO\nHN<binary data, 1 bytes><binary data, 1 bytes>Me\nMe": "",
    "N=CN1CCNCC1": "",
    "N=CN1C=CC=CC1=N": "",
    "N1=NN=CN=C1": "",
    "HO\n  \\": "",
    "CIH3N\n \\": "",
    "HO\n \\": "",
    "CH2CH=C(CH3)CH2CH2OH": "",
    "-BR": "",
    "-CH2SH or -SH": "",
    "aminoethanol amino": "",
    "O=S=O\nN-H": "",
    "H2N-N": "",
    "CH2OSO3": "",
    "OSO3": "",
    "NHCH3": "",
    "O=C=O\nN-H": "",
    "CH2CH2C(=O)NH2": "",
    "CC#C": "",
    "CCN1CC(=O)C1=O": "",
    "MeSO2": "",
    "EtSO2": "",
    "c1ccc(OCCNCN)cc1": "",
    "O-C1=CC=CC=C1": "",
    "CH2-Naphthyl": "",
    "-CH2NHCH2CH3": "",
    "-CH2CH=CH2": "",
    "c1ccsc1": "",
    "c1cscn1": "",
    "O=C-O-CH2CH2CH2CH2CH3": "",
    "C1CCC1": "",
    "cyclic sulfone": "",
    "NH-O": "",
    "HN-N-O": "",
    "HN-N-NH": "",
    "-C(CH\u2083)\u2082": "",
    "1e": "",
    "CH, N": "",
    "-/Bu, H": "",
    "-CH2OCH2NH2": "",
    "-CH2OCH2NH": "",
    "-CH2NHCOCH3": "",
    "(R)-8-fluorochromane": "",
    "(R)-2-ethyl-5-fluoropyridine": "",
    "HO\\\\": "",
    "BocHN": "",
    "N-methylpiperidinyl": "",
    "morpholinyl": "",
    "alkyne": "",
    "O=CN(C)C": "",
    "(CH3)2CHCH2": "",
    "N-C(=O)-C": "",
    "N-C(=O)-O": "",
    "N-C(=O)": "",
    "N-C": "",
    "N-O": "",
    "ClC6H4CH2-": "",
    "ClC6H4C(CH3)H-": "",
    "ClC6H4C(=O)-": "",
    "O=C-C": "",
    "O-C": "",
    "Boc-N-R2": "",
    "C=ONH": "",
    "12b-m": "",
    "13a-g": "",
    "14b,c": "",
    "15a-d": "",
    "32b-h": "",
    "33b-h": "",
    "34b-h": "",
    "3-OH-C10": "",
    "H3C\n| \nO*": "",
    "SF3": "",
    "OC(=O)C(C)C": "",
    "CH(OH)CH3": "",
    "29b_chemical_structure": "",
    "19c_chemical_structure": "",
    "H3CO": "",
    "CH2-C(=O)-NH-CH(OH)-CH2OH": "",
    "CH3CH2CH2CH2": "",
    "CH3(CH2)5CH2": "",
    "H1": "",
    "COMe": "",
    "-OSO3H": "",
    "-NHCH2CH2NHCOCH3": "",
    "-CH2CH2NHC(O)CH3": "",
    "NR1R2": "",
    "chemical expression not provided in the image": "",
    "-C(CH3)2": "",
    "CH2-C(O)-OH": "",
    "CH2-C(O)-O-": "",
    "CH3CH2CH2O": "",
    "CH3CH2O": "",
    "C(F)3": "",
    "-CO2-": "",
    "N=CN": "",
    "CH2NHMe": "",
    "CH2N": "",
    "CH2(4-Py)": "",
    "chemical expression of phenyl": "",
    "HO\nHO": "",
    "NaO\n    O\nS\nO\nO": "",
    "[N+](C)(C)=O": "",
    "15a-f, h": "",
    "31b-f, h-l": "",
    "unspecified": "",
    "O=S(=O)([O-])[CH3]": "",
    "C#C-C(=O)NHCH2CH3": "",
    "OCH2CH3": "",
    "CH2N(CH3)2": "",
    "CH2CH2N(CH3)2": "",
    "Ir": "",
    "(CH)8-COOH": "",
    "CH2CH2CH2CH3": "",
    "N=CCN": "",
    "N1CCCN1": "",
    "C1COC(CN)O1": "",
    "C1CCN(CN)O1": "",
    "NHR2": "",
    "H or Cl": "",
    "C(C)C(=O)c1cccc(-n2nc(-c3ccccc3)c(C(C)C)o2)c1": "",
    "Y280": "",
    "Not applicable": "",
    "OC(=O)N": "",
    "CCCCC": "",
    "CCCCCCC": "",
    "4'-amino-2-methyl-5-pyrimidyl": "",
    "3,4-di-F-Ph": "",
    "OC(=O)CC": "",
    "(CH3)2CHCH2CH2CH2CH(CH3)CH2CH2": "",
    "N(CC)CC": "",
    "CH=CHPO3H2": "",
    "BF3K": "",
    "N=||": "",
    "OCCCCCC(C)C": "",
    "O=S(=O)(Cl)O": "",
    "bond": "",
    "c1ccc(N2C=CC=N2)cc1": "",
    "c1ccc(N2C=NC=N2)cc1": "",
    "c1cnc[nH]1": "",
    "(CH2)4CHCH2": "",
    "a R = 4-methoxyphenyl\nb R = 3-methoxyphenyl\nc R = phenyl\nd R = 2-cyanophenyl\ne R = 2-carbamoylphenyl\nf R = pyridin-2-yl": "",
    "d R = 2-cyanophenyl": "",
    "c R = phenyl\nf R = pyridin-2-yl": "",
    "H\u2082N": "",
    "MeNH": "",
    "54g-i, l-m": "",
    "55g-i, l-m": "",
    "26g-i, l-m": "",
    "63 (X = OH)": "",
    "64 (X = CI)": "",
    "O=C(Ph)O": "",
    "O=S(Ph)O": "",
    "O=C1C=C(NPh)N1C=O": "",
    "N=C(N)NPh": "",
    "MeO2C": "",
    "CC(C(F)(F)F)O": "",
    "10i": "",
    "Nc1ccccc1": "",
    "Nc1cccc(Cl)c1": "",
    "Nc1cccc(Cl)c1OC": "",
    "Nc1cccc(Cl)c1OC(CH3)2CH3": "",
    "N1CCOCC1=O": "",
    "-C6H4F": "",
    "13-15": "",
    "S,O,NH": "",
    "CoA-R": "",
    "AcHN": "",
    "Protein": "",
    "(CH2)2Me": "",
    "-N-F": "",
    "-N-Me": "",
    "3-(trifluoromethyl)phenyl, 4-chlorophenyl, 4-chloro-3-(trifluoromethyl)phenyl, 3-(4-methyl-1H-imidazol-1-yl)-5-(trifluoromethyl)phenyl, 4-methyl-3-(trifluoromethyl)phenyl": "",
    "3-(trifluoromethyl)phenyl, 4-chlorophenyl": "",
    "OPO32-": "",
    "O=C-O-CH3": "",
    "O=S(=O)-CH3": "",
    "Aryl Methanol": "",
    "HO-CH2-OH": "",
    "HO-CH(OH)-CH2-OH": "",
    "HO-CH2-C(CH3)2-OH": "",
    "O-CH2-C(CH3)2": "",
    "O-CH2-CH2-O-CH2-C(CH3)2": "",
    "O-CH2-CH2-O-C(CH3)2": "",
    "O-CH2-CH2-O-CF2-CH2-F": "",
    "O-CH2-CF2-O-CH2-CF3": "",
    "S-CH2-CF2-O-CH2-CF3": "",
    "2, 4-9": "",
    "F3C~": "",
    "-CH2-C(=O)NH2": "",
    "OR4": "",
    "C6H4F": "",
    "O=C-C=C": "",
    "O=S(=O)-C=C": "",
    "O-N\n~\nO-N": "",
    "O-N\n~\nN-NH": "",
    "O=CNC(C=O)~O-N\n~\n": "",
    "CH2-cyclobutyl": "",
    "N~C#N": "",
    "N=C=C": "",
    "O~N": "",
    "7-COCH2": "",
    "-C(=O)C6H4-p-F": "",
    "-C(=O)OC6H4-o,p-F2": "",
    "H, CH3": "",
    "glu": "",
    "CH2CH2CH2NH-": "",
    "relebactam R = ": "",
    "precursor": "",
    "ONS": "",
    "RGEEEQWAREIGAQLRRMADDLN": "",
    "MeTetAMPA": "",
    "Br, I": "",
    "19: R = Boc; 20: R = H": "",
    "SEM-Cl": "",
    "N(CH2CH2N)N": "",
    "BnTetAMPA": "",
    "O(CH2)4-NN-[Q]n[P]m-CO2H": "",
    "NAH": "",
    "R1-NH2": "",
    "N(CH2CH2N)NCH2": "",
    "TFA, DCM": "",
    "refer to the structures indexed from 10 to 22": "",
    "R3": "",
    "h (R = naphthalen-1-yl)": "",
    "C[C@@H]1C=C(C(C1)(C)C)CCC": "",
    "3-3 (rac)": "",
    "tBuS": "",
    "variable base": "",
    "\\": "",
    "ArTe": "",
    "C(OH)C": "",
    "i (R = pyridin-4-yl)": "",
    "3-5 (rac)": "",
    "O=C(O)CC": "",
    "i (R = N-benzyl)": "",
    "HKIL": "",
    "C(OH)CC": "",
    "n (R = 1,2,4,5-tetrahydro-3H-1,5-methanobenzo[d]azepin-3-yl)": "",
    "-NHR": "",
    "chemical expression not provided": "",
    "C3H7": "",
    "-(CH2)n-": "",
    "D-GAP": "",
    "isobutyl, (S)-2-methylbutyl, 2-ethyl-n-butyl": "",
    "2-Me-benzene": "",
    "CCCCCNH2": "",
    "2-Cl-benzene": "",
    "S(C)(C)C(=O)OC": "",
    "HO-": "",
    "RNH2": ""
}O)benzene": ""
}